#
# There is insufficient memory for the Java Runtime Environment to continue.
# Native memory allocation (malloc) failed to allocate 1073936 bytes for Chunk::new
# Possible reasons:
#   The system is out of physical RAM or swap space
#   The process is running with CompressedOops enabled, and the Java Heap may be blocking the growth of the native heap
# Possible solutions:
#   Reduce memory load on the system
#   Increase physical memory or swap space
#   Check if swap backing store is full
#   Decrease Java heap size (-Xmx/-Xms)
#   Decrease number of Java threads
#   Decrease Java thread stack sizes (-Xss)
#   Set larger code cache with -XX:ReservedCodeCacheSize=
#   JVM is running with Zero Based Compressed Oops mode in which the Java heap is
#     placed in the first 32GB address space. The Java Heap base address is the
#     maximum limit for the native heap growth. Please use -XX:HeapBaseMinAddress
#     to set the Java Heap base and to place the Java Heap above 32GB virtual address.
# This output file may be truncated or incomplete.
#
#  Out of Memory Error (./src/hotspot/share/memory/arena.cpp:197), pid=21572, tid=2260
#
# JRE version: OpenJDK Runtime Environment Temurin-11.0.14.1+1 (11.0.14.1+1) (build 11.0.14.1+1)
# Java VM: OpenJDK 64-Bit Server VM Temurin-11.0.14.1+1 (11.0.14.1+1, mixed mode, tiered, compressed oops, g1 gc, windows-amd64)
# No core dump will be written. Minidumps are not enabled by default on client versions of Windows
#

---------------  S U M M A R Y ------------

Command Line: -Dfile.encoding=UTF-8 org.gradle.launcher.GradleMain -Dorg.gradle.jvmargs=-Xmx4096m --stop

Host: 11th Gen Intel(R) Core(TM) i7-1185G7 @ 3.00GHz, 8 cores, 15G,  Windows 11 , 64 bit Build 22621 (10.0.22621.4391)
Time: Fri Nov  1 06:26:49 2024 SE Asia Standard Time elapsed time: 1.293463 seconds (0d 0h 0m 1s)

---------------  T H R E A D  ---------------

Current thread (0x00000171671f2000):  JavaThread "C2 CompilerThread0" daemon [_thread_in_native, id=2260, stack(0x00000003b1900000,0x00000003b1a00000)]


Current CompileTask:
C2:   1293 1343  s!   4       jdk.internal.loader.URLClassPath::getLoader (194 bytes)

Stack: [0x00000003b1900000,0x00000003b1a00000]
Native frames: (J=compiled Java code, j=interpreted, Vv=VM code, C=native code)
V  [jvm.dll+0x61e59a]
V  [jvm.dll+0x7aaca9]
V  [jvm.dll+0x7ac398]
V  [jvm.dll+0x7aca73]
V  [jvm.dll+0x24f9b8]
V  [jvm.dll+0xc260c]
V  [jvm.dll+0xc2bcc]
V  [jvm.dll+0x3599c2]
V  [jvm.dll+0x325b93]
V  [jvm.dll+0x324eca]
V  [jvm.dll+0x208c05]
V  [jvm.dll+0x207ded]
V  [jvm.dll+0x18a2c1]
V  [jvm.dll+0x217734]
V  [jvm.dll+0x21597b]
V  [jvm.dll+0x76d7c0]
V  [jvm.dll+0x766724]
V  [jvm.dll+0x61d3f6]
C  [ucrtbase.dll+0x29333]
C  [KERNEL32.DLL+0x1259d]
C  [ntdll.dll+0x5af38]


---------------  P R O C E S S  ---------------

Threads class SMR info:
_java_thread_list=0x0000017168081f90, length=13, elements={
0x0000017142d61000, 0x0000017167165800, 0x000001716719e800, 0x0000017167197000,
0x0000017167198000, 0x00000171671ee800, 0x00000171671f2000, 0x00000171671f3000,
0x00000171671f4000, 0x0000017167377000, 0x000001716741e000, 0x0000017167f09000,
0x000001716774a000
}

Java Threads: ( => current thread )
  0x0000017142d61000 JavaThread "main" [_thread_in_vm, id=22172, stack(0x00000003b0d00000,0x00000003b0e00000)]
  0x0000017167165800 JavaThread "Reference Handler" daemon [_thread_blocked, id=25628, stack(0x00000003b1400000,0x00000003b1500000)]
  0x000001716719e800 JavaThread "Finalizer" daemon [_thread_blocked, id=15608, stack(0x00000003b1500000,0x00000003b1600000)]
  0x0000017167197000 JavaThread "Signal Dispatcher" daemon [_thread_blocked, id=26944, stack(0x00000003b1600000,0x00000003b1700000)]
  0x0000017167198000 JavaThread "Attach Listener" daemon [_thread_blocked, id=2380, stack(0x00000003b1700000,0x00000003b1800000)]
  0x00000171671ee800 JavaThread "Service Thread" daemon [_thread_blocked, id=4056, stack(0x00000003b1800000,0x00000003b1900000)]
=>0x00000171671f2000 JavaThread "C2 CompilerThread0" daemon [_thread_in_native, id=2260, stack(0x00000003b1900000,0x00000003b1a00000)]
  0x00000171671f3000 JavaThread "C1 CompilerThread0" daemon [_thread_blocked, id=7256, stack(0x00000003b1a00000,0x00000003b1b00000)]
  0x00000171671f4000 JavaThread "Sweeper thread" daemon [_thread_blocked, id=20916, stack(0x00000003b1b00000,0x00000003b1c00000)]
  0x0000017167377000 JavaThread "Common-Cleaner" daemon [_thread_blocked, id=23968, stack(0x00000003b1d00000,0x00000003b1e00000)]
  0x000001716741e000 JavaThread "C2 CompilerThread1" daemon [_thread_blocked, id=15596, stack(0x00000003b1e00000,0x00000003b1f00000)]
  0x0000017167f09000 JavaThread "C2 CompilerThread2" daemon [_thread_blocked, id=716, stack(0x00000003b1f00000,0x00000003b2000000)]
  0x000001716774a000 JavaThread "pool-1-thread-1" [_thread_blocked, id=16360, stack(0x00000003b2500000,0x00000003b2600000)]

Other Threads:
  0x0000017167164800 VMThread "VM Thread" [stack: 0x00000003b1300000,0x00000003b1400000] [id=27332]
  0x000001716736a800 WatcherThread [stack: 0x00000003b1c00000,0x00000003b1d00000] [id=16720]
  0x0000017142d79000 GCTaskThread "GC Thread#0" [stack: 0x00000003b0e00000,0x00000003b0f00000] [id=29516]
  0x00000171685cf000 GCTaskThread "GC Thread#1" [stack: 0x00000003b2000000,0x00000003b2100000] [id=30332]
  0x0000017167786000 GCTaskThread "GC Thread#2" [stack: 0x00000003b2100000,0x00000003b2200000] [id=18412]
  0x000001716896e000 GCTaskThread "GC Thread#3" [stack: 0x00000003b2200000,0x00000003b2300000] [id=30576]
  0x000001716864d800 GCTaskThread "GC Thread#4" [stack: 0x00000003b2300000,0x00000003b2400000] [id=30596]
  0x000001716864e000 GCTaskThread "GC Thread#5" [stack: 0x00000003b2400000,0x00000003b2500000] [id=16488]
  0x0000017142dd7000 ConcurrentGCThread "G1 Main Marker" [stack: 0x00000003b0f00000,0x00000003b1000000] [id=26328]
  0x0000017142dd8800 ConcurrentGCThread "G1 Conc#0" [stack: 0x00000003b1000000,0x00000003b1100000] [id=23616]
  0x00000171667cd800 ConcurrentGCThread "G1 Refine#0" [stack: 0x00000003b1100000,0x00000003b1200000] [id=24380]
  0x00000171667cf800 ConcurrentGCThread "G1 Young RemSet Sampling" [stack: 0x00000003b1200000,0x00000003b1300000] [id=19984]

Threads with active compile tasks:
C2 CompilerThread0   1312 1343  s!   4       jdk.internal.loader.URLClassPath::getLoader (194 bytes)

VM state:not at safepoint (normal execution)

VM Mutex/Monitor currently owned by a thread: None

Heap address: 0x0000000704400000, size: 4028 MB, Compressed Oops mode: Zero based, Oop shift amount: 3
Narrow klass base: 0x0000000800000000, Narrow klass shift: 0
Compressed class space size: 1073741824 Address: 0x0000000800000000

Heap:
 garbage-first heap   total 258048K, used 65315K [0x0000000704400000, 0x0000000800000000)
  region size 1024K, 58 young (59392K), 3 survivors (3072K)
 Metaspace       used 13795K, capacity 14100K, committed 14336K, reserved 1062912K
  class space    used 1602K, capacity 1703K, committed 1792K, reserved 1048576K
Heap Regions: E=young(eden), S=young(survivor), O=old, HS=humongous(starts), HC=humongous(continues), CS=collection set, F=free, A=archive, TAMS=top-at-mark-start (previous, next)
|   0|0x0000000704400000, 0x0000000704500000, 0x0000000704500000|100%|HS|  |TAMS 0x0000000704400000, 0x0000000704400000| Complete 
|   1|0x0000000704500000, 0x0000000704500000, 0x0000000704600000|  0%| F|  |TAMS 0x0000000704500000, 0x0000000704500000| Untracked 
|   2|0x0000000704600000, 0x0000000704600000, 0x0000000704700000|  0%| F|  |TAMS 0x0000000704600000, 0x0000000704600000| Untracked 
|   3|0x0000000704700000, 0x0000000704800000, 0x0000000704800000|100%|HS|  |TAMS 0x0000000704700000, 0x0000000704700000| Complete 
|   4|0x0000000704800000, 0x0000000704900000, 0x0000000704900000|100%|HC|  |TAMS 0x0000000704800000, 0x0000000704800000| Complete 
|   5|0x0000000704900000, 0x0000000704a00000, 0x0000000704a00000|100%|HC|  |TAMS 0x0000000704900000, 0x0000000704900000| Complete 
|   6|0x0000000704a00000, 0x0000000704b00000, 0x0000000704b00000|100%| O|  |TAMS 0x0000000704a00000, 0x0000000704a00000| Untracked 
|   7|0x0000000704b00000, 0x0000000704c00000, 0x0000000704c00000|100%| O|  |TAMS 0x0000000704b00000, 0x0000000704b00000| Untracked 
|   8|0x0000000704c00000, 0x0000000704cc8e00, 0x0000000704d00000| 78%| O|  |TAMS 0x0000000704c00000, 0x0000000704c00000| Untracked 
|   9|0x0000000704d00000, 0x0000000704d00000, 0x0000000704e00000|  0%| F|  |TAMS 0x0000000704d00000, 0x0000000704d00000| Untracked 
|  10|0x0000000704e00000, 0x0000000704e00000, 0x0000000704f00000|  0%| F|  |TAMS 0x0000000704e00000, 0x0000000704e00000| Untracked 
|  11|0x0000000704f00000, 0x0000000704f00000, 0x0000000705000000|  0%| F|  |TAMS 0x0000000704f00000, 0x0000000704f00000| Untracked 
|  12|0x0000000705000000, 0x0000000705000000, 0x0000000705100000|  0%| F|  |TAMS 0x0000000705000000, 0x0000000705000000| Untracked 
|  13|0x0000000705100000, 0x0000000705100000, 0x0000000705200000|  0%| F|  |TAMS 0x0000000705100000, 0x0000000705100000| Untracked 
|  14|0x0000000705200000, 0x0000000705200000, 0x0000000705300000|  0%| F|  |TAMS 0x0000000705200000, 0x0000000705200000| Untracked 
|  15|0x0000000705300000, 0x0000000705300000, 0x0000000705400000|  0%| F|  |TAMS 0x0000000705300000, 0x0000000705300000| Untracked 
|  16|0x0000000705400000, 0x0000000705400000, 0x0000000705500000|  0%| F|  |TAMS 0x0000000705400000, 0x0000000705400000| Untracked 
|  17|0x0000000705500000, 0x0000000705500000, 0x0000000705600000|  0%| F|  |TAMS 0x0000000705500000, 0x0000000705500000| Untracked 
|  18|0x0000000705600000, 0x0000000705600000, 0x0000000705700000|  0%| F|  |TAMS 0x0000000705600000, 0x0000000705600000| Untracked 
|  19|0x0000000705700000, 0x0000000705700000, 0x0000000705800000|  0%| F|  |TAMS 0x0000000705700000, 0x0000000705700000| Untracked 
|  20|0x0000000705800000, 0x0000000705800000, 0x0000000705900000|  0%| F|  |TAMS 0x0000000705800000, 0x0000000705800000| Untracked 
|  21|0x0000000705900000, 0x0000000705900000, 0x0000000705a00000|  0%| F|  |TAMS 0x0000000705900000, 0x0000000705900000| Untracked 
|  22|0x0000000705a00000, 0x0000000705a00000, 0x0000000705b00000|  0%| F|  |TAMS 0x0000000705a00000, 0x0000000705a00000| Untracked 
|  23|0x0000000705b00000, 0x0000000705b00000, 0x0000000705c00000|  0%| F|  |TAMS 0x0000000705b00000, 0x0000000705b00000| Untracked 
|  24|0x0000000705c00000, 0x0000000705c00000, 0x0000000705d00000|  0%| F|  |TAMS 0x0000000705c00000, 0x0000000705c00000| Untracked 
|  25|0x0000000705d00000, 0x0000000705d00000, 0x0000000705e00000|  0%| F|  |TAMS 0x0000000705d00000, 0x0000000705d00000| Untracked 
|  26|0x0000000705e00000, 0x0000000705e00000, 0x0000000705f00000|  0%| F|  |TAMS 0x0000000705e00000, 0x0000000705e00000| Untracked 
|  27|0x0000000705f00000, 0x0000000705f00000, 0x0000000706000000|  0%| F|  |TAMS 0x0000000705f00000, 0x0000000705f00000| Untracked 
|  28|0x0000000706000000, 0x0000000706000000, 0x0000000706100000|  0%| F|  |TAMS 0x0000000706000000, 0x0000000706000000| Untracked 
|  29|0x0000000706100000, 0x0000000706100000, 0x0000000706200000|  0%| F|  |TAMS 0x0000000706100000, 0x0000000706100000| Untracked 
|  30|0x0000000706200000, 0x0000000706200000, 0x0000000706300000|  0%| F|  |TAMS 0x0000000706200000, 0x0000000706200000| Untracked 
|  31|0x0000000706300000, 0x0000000706300000, 0x0000000706400000|  0%| F|  |TAMS 0x0000000706300000, 0x0000000706300000| Untracked 
|  32|0x0000000706400000, 0x0000000706400000, 0x0000000706500000|  0%| F|  |TAMS 0x0000000706400000, 0x0000000706400000| Untracked 
|  33|0x0000000706500000, 0x0000000706500000, 0x0000000706600000|  0%| F|  |TAMS 0x0000000706500000, 0x0000000706500000| Untracked 
|  34|0x0000000706600000, 0x0000000706600000, 0x0000000706700000|  0%| F|  |TAMS 0x0000000706600000, 0x0000000706600000| Untracked 
|  35|0x0000000706700000, 0x0000000706700000, 0x0000000706800000|  0%| F|  |TAMS 0x0000000706700000, 0x0000000706700000| Untracked 
|  36|0x0000000706800000, 0x0000000706800000, 0x0000000706900000|  0%| F|  |TAMS 0x0000000706800000, 0x0000000706800000| Untracked 
|  37|0x0000000706900000, 0x0000000706900000, 0x0000000706a00000|  0%| F|  |TAMS 0x0000000706900000, 0x0000000706900000| Untracked 
|  38|0x0000000706a00000, 0x0000000706a00000, 0x0000000706b00000|  0%| F|  |TAMS 0x0000000706a00000, 0x0000000706a00000| Untracked 
|  39|0x0000000706b00000, 0x0000000706b00000, 0x0000000706c00000|  0%| F|  |TAMS 0x0000000706b00000, 0x0000000706b00000| Untracked 
|  40|0x0000000706c00000, 0x0000000706c00000, 0x0000000706d00000|  0%| F|  |TAMS 0x0000000706c00000, 0x0000000706c00000| Untracked 
|  41|0x0000000706d00000, 0x0000000706d00000, 0x0000000706e00000|  0%| F|  |TAMS 0x0000000706d00000, 0x0000000706d00000| Untracked 
|  42|0x0000000706e00000, 0x0000000706e00000, 0x0000000706f00000|  0%| F|  |TAMS 0x0000000706e00000, 0x0000000706e00000| Untracked 
|  43|0x0000000706f00000, 0x0000000706f00000, 0x0000000707000000|  0%| F|  |TAMS 0x0000000706f00000, 0x0000000706f00000| Untracked 
|  44|0x0000000707000000, 0x0000000707000000, 0x0000000707100000|  0%| F|  |TAMS 0x0000000707000000, 0x0000000707000000| Untracked 
|  45|0x0000000707100000, 0x0000000707100000, 0x0000000707200000|  0%| F|  |TAMS 0x0000000707100000, 0x0000000707100000| Untracked 
|  46|0x0000000707200000, 0x0000000707200000, 0x0000000707300000|  0%| F|  |TAMS 0x0000000707200000, 0x0000000707200000| Untracked 
|  47|0x0000000707300000, 0x0000000707300000, 0x0000000707400000|  0%| F|  |TAMS 0x0000000707300000, 0x0000000707300000| Untracked 
|  48|0x0000000707400000, 0x0000000707400000, 0x0000000707500000|  0%| F|  |TAMS 0x0000000707400000, 0x0000000707400000| Untracked 
|  49|0x0000000707500000, 0x0000000707500000, 0x0000000707600000|  0%| F|  |TAMS 0x0000000707500000, 0x0000000707500000| Untracked 
|  50|0x0000000707600000, 0x0000000707600000, 0x0000000707700000|  0%| F|  |TAMS 0x0000000707600000, 0x0000000707600000| Untracked 
|  51|0x0000000707700000, 0x0000000707700000, 0x0000000707800000|  0%| F|  |TAMS 0x0000000707700000, 0x0000000707700000| Untracked 
|  52|0x0000000707800000, 0x0000000707800000, 0x0000000707900000|  0%| F|  |TAMS 0x0000000707800000, 0x0000000707800000| Untracked 
|  53|0x0000000707900000, 0x0000000707900000, 0x0000000707a00000|  0%| F|  |TAMS 0x0000000707900000, 0x0000000707900000| Untracked 
|  54|0x0000000707a00000, 0x0000000707a00000, 0x0000000707b00000|  0%| F|  |TAMS 0x0000000707a00000, 0x0000000707a00000| Untracked 
|  55|0x0000000707b00000, 0x0000000707b00000, 0x0000000707c00000|  0%| F|  |TAMS 0x0000000707b00000, 0x0000000707b00000| Untracked 
|  56|0x0000000707c00000, 0x0000000707c00000, 0x0000000707d00000|  0%| F|  |TAMS 0x0000000707c00000, 0x0000000707c00000| Untracked 
|  57|0x0000000707d00000, 0x0000000707d00000, 0x0000000707e00000|  0%| F|  |TAMS 0x0000000707d00000, 0x0000000707d00000| Untracked 
|  58|0x0000000707e00000, 0x0000000707e00000, 0x0000000707f00000|  0%| F|  |TAMS 0x0000000707e00000, 0x0000000707e00000| Untracked 
|  59|0x0000000707f00000, 0x0000000707f00000, 0x0000000708000000|  0%| F|  |TAMS 0x0000000707f00000, 0x0000000707f00000| Untracked 
|  60|0x0000000708000000, 0x0000000708000000, 0x0000000708100000|  0%| F|  |TAMS 0x0000000708000000, 0x0000000708000000| Untracked 
|  61|0x0000000708100000, 0x0000000708100000, 0x0000000708200000|  0%| F|  |TAMS 0x0000000708100000, 0x0000000708100000| Untracked 
|  62|0x0000000708200000, 0x0000000708200000, 0x0000000708300000|  0%| F|  |TAMS 0x0000000708200000, 0x0000000708200000| Untracked 
|  63|0x0000000708300000, 0x0000000708300000, 0x0000000708400000|  0%| F|  |TAMS 0x0000000708300000, 0x0000000708300000| Untracked 
|  64|0x0000000708400000, 0x0000000708400000, 0x0000000708500000|  0%| F|  |TAMS 0x0000000708400000, 0x0000000708400000| Untracked 
|  65|0x0000000708500000, 0x0000000708500000, 0x0000000708600000|  0%| F|  |TAMS 0x0000000708500000, 0x0000000708500000| Untracked 
|  66|0x0000000708600000, 0x0000000708600000, 0x0000000708700000|  0%| F|  |TAMS 0x0000000708600000, 0x0000000708600000| Untracked 
|  67|0x0000000708700000, 0x0000000708700000, 0x0000000708800000|  0%| F|  |TAMS 0x0000000708700000, 0x0000000708700000| Untracked 
|  68|0x0000000708800000, 0x0000000708800000, 0x0000000708900000|  0%| F|  |TAMS 0x0000000708800000, 0x0000000708800000| Untracked 
|  69|0x0000000708900000, 0x0000000708900000, 0x0000000708a00000|  0%| F|  |TAMS 0x0000000708900000, 0x0000000708900000| Untracked 
|  70|0x0000000708a00000, 0x0000000708a00000, 0x0000000708b00000|  0%| F|  |TAMS 0x0000000708a00000, 0x0000000708a00000| Untracked 
|  71|0x0000000708b00000, 0x0000000708b00000, 0x0000000708c00000|  0%| F|  |TAMS 0x0000000708b00000, 0x0000000708b00000| Untracked 
|  72|0x0000000708c00000, 0x0000000708c00000, 0x0000000708d00000|  0%| F|  |TAMS 0x0000000708c00000, 0x0000000708c00000| Untracked 
|  73|0x0000000708d00000, 0x0000000708d00000, 0x0000000708e00000|  0%| F|  |TAMS 0x0000000708d00000, 0x0000000708d00000| Untracked 
|  74|0x0000000708e00000, 0x0000000708e00000, 0x0000000708f00000|  0%| F|  |TAMS 0x0000000708e00000, 0x0000000708e00000| Untracked 
|  75|0x0000000708f00000, 0x0000000708f00000, 0x0000000709000000|  0%| F|  |TAMS 0x0000000708f00000, 0x0000000708f00000| Untracked 
|  76|0x0000000709000000, 0x0000000709000000, 0x0000000709100000|  0%| F|  |TAMS 0x0000000709000000, 0x0000000709000000| Untracked 
|  77|0x0000000709100000, 0x0000000709100000, 0x0000000709200000|  0%| F|  |TAMS 0x0000000709100000, 0x0000000709100000| Untracked 
|  78|0x0000000709200000, 0x0000000709200000, 0x0000000709300000|  0%| F|  |TAMS 0x0000000709200000, 0x0000000709200000| Untracked 
|  79|0x0000000709300000, 0x0000000709300000, 0x0000000709400000|  0%| F|  |TAMS 0x0000000709300000, 0x0000000709300000| Untracked 
|  80|0x0000000709400000, 0x0000000709400000, 0x0000000709500000|  0%| F|  |TAMS 0x0000000709400000, 0x0000000709400000| Untracked 
|  81|0x0000000709500000, 0x0000000709500000, 0x0000000709600000|  0%| F|  |TAMS 0x0000000709500000, 0x0000000709500000| Untracked 
|  82|0x0000000709600000, 0x0000000709600000, 0x0000000709700000|  0%| F|  |TAMS 0x0000000709600000, 0x0000000709600000| Untracked 
|  83|0x0000000709700000, 0x0000000709700000, 0x0000000709800000|  0%| F|  |TAMS 0x0000000709700000, 0x0000000709700000| Untracked 
|  84|0x0000000709800000, 0x0000000709800000, 0x0000000709900000|  0%| F|  |TAMS 0x0000000709800000, 0x0000000709800000| Untracked 
|  85|0x0000000709900000, 0x0000000709900000, 0x0000000709a00000|  0%| F|  |TAMS 0x0000000709900000, 0x0000000709900000| Untracked 
|  86|0x0000000709a00000, 0x0000000709a00000, 0x0000000709b00000|  0%| F|  |TAMS 0x0000000709a00000, 0x0000000709a00000| Untracked 
|  87|0x0000000709b00000, 0x0000000709b00000, 0x0000000709c00000|  0%| F|  |TAMS 0x0000000709b00000, 0x0000000709b00000| Untracked 
|  88|0x0000000709c00000, 0x0000000709c00000, 0x0000000709d00000|  0%| F|  |TAMS 0x0000000709c00000, 0x0000000709c00000| Untracked 
|  89|0x0000000709d00000, 0x0000000709d00000, 0x0000000709e00000|  0%| F|  |TAMS 0x0000000709d00000, 0x0000000709d00000| Untracked 
|  90|0x0000000709e00000, 0x0000000709e00000, 0x0000000709f00000|  0%| F|  |TAMS 0x0000000709e00000, 0x0000000709e00000| Untracked 
|  91|0x0000000709f00000, 0x0000000709f00000, 0x000000070a000000|  0%| F|  |TAMS 0x0000000709f00000, 0x0000000709f00000| Untracked 
|  92|0x000000070a000000, 0x000000070a000000, 0x000000070a100000|  0%| F|  |TAMS 0x000000070a000000, 0x000000070a000000| Untracked 
|  93|0x000000070a100000, 0x000000070a100000, 0x000000070a200000|  0%| F|  |TAMS 0x000000070a100000, 0x000000070a100000| Untracked 
|  94|0x000000070a200000, 0x000000070a200000, 0x000000070a300000|  0%| F|  |TAMS 0x000000070a200000, 0x000000070a200000| Untracked 
|  95|0x000000070a300000, 0x000000070a300000, 0x000000070a400000|  0%| F|  |TAMS 0x000000070a300000, 0x000000070a300000| Untracked 
|  96|0x000000070a400000, 0x000000070a400000, 0x000000070a500000|  0%| F|  |TAMS 0x000000070a400000, 0x000000070a400000| Untracked 
|  97|0x000000070a500000, 0x000000070a500000, 0x000000070a600000|  0%| F|  |TAMS 0x000000070a500000, 0x000000070a500000| Untracked 
|  98|0x000000070a600000, 0x000000070a600000, 0x000000070a700000|  0%| F|  |TAMS 0x000000070a600000, 0x000000070a600000| Untracked 
|  99|0x000000070a700000, 0x000000070a700000, 0x000000070a800000|  0%| F|  |TAMS 0x000000070a700000, 0x000000070a700000| Untracked 
| 100|0x000000070a800000, 0x000000070a800000, 0x000000070a900000|  0%| F|  |TAMS 0x000000070a800000, 0x000000070a800000| Untracked 
| 101|0x000000070a900000, 0x000000070a900000, 0x000000070aa00000|  0%| F|  |TAMS 0x000000070a900000, 0x000000070a900000| Untracked 
| 102|0x000000070aa00000, 0x000000070aa00000, 0x000000070ab00000|  0%| F|  |TAMS 0x000000070aa00000, 0x000000070aa00000| Untracked 
| 103|0x000000070ab00000, 0x000000070ab00000, 0x000000070ac00000|  0%| F|  |TAMS 0x000000070ab00000, 0x000000070ab00000| Untracked 
| 104|0x000000070ac00000, 0x000000070ac00000, 0x000000070ad00000|  0%| F|  |TAMS 0x000000070ac00000, 0x000000070ac00000| Untracked 
| 105|0x000000070ad00000, 0x000000070ad00000, 0x000000070ae00000|  0%| F|  |TAMS 0x000000070ad00000, 0x000000070ad00000| Untracked 
| 106|0x000000070ae00000, 0x000000070ae00000, 0x000000070af00000|  0%| F|  |TAMS 0x000000070ae00000, 0x000000070ae00000| Untracked 
| 107|0x000000070af00000, 0x000000070af00000, 0x000000070b000000|  0%| F|  |TAMS 0x000000070af00000, 0x000000070af00000| Untracked 
| 108|0x000000070b000000, 0x000000070b000000, 0x000000070b100000|  0%| F|  |TAMS 0x000000070b000000, 0x000000070b000000| Untracked 
| 109|0x000000070b100000, 0x000000070b100000, 0x000000070b200000|  0%| F|  |TAMS 0x000000070b100000, 0x000000070b100000| Untracked 
| 110|0x000000070b200000, 0x000000070b200000, 0x000000070b300000|  0%| F|  |TAMS 0x000000070b200000, 0x000000070b200000| Untracked 
| 111|0x000000070b300000, 0x000000070b300000, 0x000000070b400000|  0%| F|  |TAMS 0x000000070b300000, 0x000000070b300000| Untracked 
| 112|0x000000070b400000, 0x000000070b400000, 0x000000070b500000|  0%| F|  |TAMS 0x000000070b400000, 0x000000070b400000| Untracked 
| 113|0x000000070b500000, 0x000000070b500000, 0x000000070b600000|  0%| F|  |TAMS 0x000000070b500000, 0x000000070b500000| Untracked 
| 114|0x000000070b600000, 0x000000070b600000, 0x000000070b700000|  0%| F|  |TAMS 0x000000070b600000, 0x000000070b600000| Untracked 
| 115|0x000000070b700000, 0x000000070b700000, 0x000000070b800000|  0%| F|  |TAMS 0x000000070b700000, 0x000000070b700000| Untracked 
| 116|0x000000070b800000, 0x000000070b800000, 0x000000070b900000|  0%| F|  |TAMS 0x000000070b800000, 0x000000070b800000| Untracked 
| 117|0x000000070b900000, 0x000000070b900000, 0x000000070ba00000|  0%| F|  |TAMS 0x000000070b900000, 0x000000070b900000| Untracked 
| 118|0x000000070ba00000, 0x000000070ba00000, 0x000000070bb00000|  0%| F|  |TAMS 0x000000070ba00000, 0x000000070ba00000| Untracked 
| 119|0x000000070bb00000, 0x000000070bb00000, 0x000000070bc00000|  0%| F|  |TAMS 0x000000070bb00000, 0x000000070bb00000| Untracked 
| 120|0x000000070bc00000, 0x000000070bc00000, 0x000000070bd00000|  0%| F|  |TAMS 0x000000070bc00000, 0x000000070bc00000| Untracked 
| 121|0x000000070bd00000, 0x000000070bd00000, 0x000000070be00000|  0%| F|  |TAMS 0x000000070bd00000, 0x000000070bd00000| Untracked 
| 122|0x000000070be00000, 0x000000070be00000, 0x000000070bf00000|  0%| F|  |TAMS 0x000000070be00000, 0x000000070be00000| Untracked 
| 123|0x000000070bf00000, 0x000000070bf00000, 0x000000070c000000|  0%| F|  |TAMS 0x000000070bf00000, 0x000000070bf00000| Untracked 
| 124|0x000000070c000000, 0x000000070c000000, 0x000000070c100000|  0%| F|  |TAMS 0x000000070c000000, 0x000000070c000000| Untracked 
| 125|0x000000070c100000, 0x000000070c100000, 0x000000070c200000|  0%| F|  |TAMS 0x000000070c100000, 0x000000070c100000| Untracked 
| 126|0x000000070c200000, 0x000000070c200000, 0x000000070c300000|  0%| F|  |TAMS 0x000000070c200000, 0x000000070c200000| Untracked 
| 127|0x000000070c300000, 0x000000070c300000, 0x000000070c400000|  0%| F|  |TAMS 0x000000070c300000, 0x000000070c300000| Untracked 
| 128|0x000000070c400000, 0x000000070c400000, 0x000000070c500000|  0%| F|  |TAMS 0x000000070c400000, 0x000000070c400000| Untracked 
| 129|0x000000070c500000, 0x000000070c500000, 0x000000070c600000|  0%| F|  |TAMS 0x000000070c500000, 0x000000070c500000| Untracked 
| 130|0x000000070c600000, 0x000000070c600000, 0x000000070c700000|  0%| F|  |TAMS 0x000000070c600000, 0x000000070c600000| Untracked 
| 131|0x000000070c700000, 0x000000070c700000, 0x000000070c800000|  0%| F|  |TAMS 0x000000070c700000, 0x000000070c700000| Untracked 
| 132|0x000000070c800000, 0x000000070c800000, 0x000000070c900000|  0%| F|  |TAMS 0x000000070c800000, 0x000000070c800000| Untracked 
| 133|0x000000070c900000, 0x000000070c900000, 0x000000070ca00000|  0%| F|  |TAMS 0x000000070c900000, 0x000000070c900000| Untracked 
| 134|0x000000070ca00000, 0x000000070ca00000, 0x000000070cb00000|  0%| F|  |TAMS 0x000000070ca00000, 0x000000070ca00000| Untracked 
| 135|0x000000070cb00000, 0x000000070cb00000, 0x000000070cc00000|  0%| F|  |TAMS 0x000000070cb00000, 0x000000070cb00000| Untracked 
| 136|0x000000070cc00000, 0x000000070cc00000, 0x000000070cd00000|  0%| F|  |TAMS 0x000000070cc00000, 0x000000070cc00000| Untracked 
| 137|0x000000070cd00000, 0x000000070cd00000, 0x000000070ce00000|  0%| F|  |TAMS 0x000000070cd00000, 0x000000070cd00000| Untracked 
| 138|0x000000070ce00000, 0x000000070ce00000, 0x000000070cf00000|  0%| F|  |TAMS 0x000000070ce00000, 0x000000070ce00000| Untracked 
| 139|0x000000070cf00000, 0x000000070cf00000, 0x000000070d000000|  0%| F|  |TAMS 0x000000070cf00000, 0x000000070cf00000| Untracked 
| 140|0x000000070d000000, 0x000000070d000000, 0x000000070d100000|  0%| F|  |TAMS 0x000000070d000000, 0x000000070d000000| Untracked 
| 141|0x000000070d100000, 0x000000070d100000, 0x000000070d200000|  0%| F|  |TAMS 0x000000070d100000, 0x000000070d100000| Untracked 
| 142|0x000000070d200000, 0x000000070d200000, 0x000000070d300000|  0%| F|  |TAMS 0x000000070d200000, 0x000000070d200000| Untracked 
| 143|0x000000070d300000, 0x000000070d300000, 0x000000070d400000|  0%| F|  |TAMS 0x000000070d300000, 0x000000070d300000| Untracked 
| 144|0x000000070d400000, 0x000000070d400000, 0x000000070d500000|  0%| F|  |TAMS 0x000000070d400000, 0x000000070d400000| Untracked 
| 145|0x000000070d500000, 0x000000070d500000, 0x000000070d600000|  0%| F|  |TAMS 0x000000070d500000, 0x000000070d500000| Untracked 
| 146|0x000000070d600000, 0x000000070d600000, 0x000000070d700000|  0%| F|  |TAMS 0x000000070d600000, 0x000000070d600000| Untracked 
| 147|0x000000070d700000, 0x000000070d700000, 0x000000070d800000|  0%| F|  |TAMS 0x000000070d700000, 0x000000070d700000| Untracked 
| 148|0x000000070d800000, 0x000000070d800000, 0x000000070d900000|  0%| F|  |TAMS 0x000000070d800000, 0x000000070d800000| Untracked 
| 149|0x000000070d900000, 0x000000070d900000, 0x000000070da00000|  0%| F|  |TAMS 0x000000070d900000, 0x000000070d900000| Untracked 
| 150|0x000000070da00000, 0x000000070da00000, 0x000000070db00000|  0%| F|  |TAMS 0x000000070da00000, 0x000000070da00000| Untracked 
| 151|0x000000070db00000, 0x000000070db00000, 0x000000070dc00000|  0%| F|  |TAMS 0x000000070db00000, 0x000000070db00000| Untracked 
| 152|0x000000070dc00000, 0x000000070dc00000, 0x000000070dd00000|  0%| F|  |TAMS 0x000000070dc00000, 0x000000070dc00000| Untracked 
| 153|0x000000070dd00000, 0x000000070dd00000, 0x000000070de00000|  0%| F|  |TAMS 0x000000070dd00000, 0x000000070dd00000| Untracked 
| 154|0x000000070de00000, 0x000000070de00000, 0x000000070df00000|  0%| F|  |TAMS 0x000000070de00000, 0x000000070de00000| Untracked 
| 155|0x000000070df00000, 0x000000070df00000, 0x000000070e000000|  0%| F|  |TAMS 0x000000070df00000, 0x000000070df00000| Untracked 
| 156|0x000000070e000000, 0x000000070e000000, 0x000000070e100000|  0%| F|  |TAMS 0x000000070e000000, 0x000000070e000000| Untracked 
| 157|0x000000070e100000, 0x000000070e100000, 0x000000070e200000|  0%| F|  |TAMS 0x000000070e100000, 0x000000070e100000| Untracked 
| 158|0x000000070e200000, 0x000000070e200000, 0x000000070e300000|  0%| F|  |TAMS 0x000000070e200000, 0x000000070e200000| Untracked 
| 159|0x000000070e300000, 0x000000070e300000, 0x000000070e400000|  0%| F|  |TAMS 0x000000070e300000, 0x000000070e300000| Untracked 
| 160|0x000000070e400000, 0x000000070e400000, 0x000000070e500000|  0%| F|  |TAMS 0x000000070e400000, 0x000000070e400000| Untracked 
| 161|0x000000070e500000, 0x000000070e500000, 0x000000070e600000|  0%| F|  |TAMS 0x000000070e500000, 0x000000070e500000| Untracked 
| 162|0x000000070e600000, 0x000000070e600000, 0x000000070e700000|  0%| F|  |TAMS 0x000000070e600000, 0x000000070e600000| Untracked 
| 163|0x000000070e700000, 0x000000070e700000, 0x000000070e800000|  0%| F|  |TAMS 0x000000070e700000, 0x000000070e700000| Untracked 
| 164|0x000000070e800000, 0x000000070e800000, 0x000000070e900000|  0%| F|  |TAMS 0x000000070e800000, 0x000000070e800000| Untracked 
| 165|0x000000070e900000, 0x000000070e900000, 0x000000070ea00000|  0%| F|  |TAMS 0x000000070e900000, 0x000000070e900000| Untracked 
| 166|0x000000070ea00000, 0x000000070ea00000, 0x000000070eb00000|  0%| F|  |TAMS 0x000000070ea00000, 0x000000070ea00000| Untracked 
| 167|0x000000070eb00000, 0x000000070eb00000, 0x000000070ec00000|  0%| F|  |TAMS 0x000000070eb00000, 0x000000070eb00000| Untracked 
| 168|0x000000070ec00000, 0x000000070ec00000, 0x000000070ed00000|  0%| F|  |TAMS 0x000000070ec00000, 0x000000070ec00000| Untracked 
| 169|0x000000070ed00000, 0x000000070ed00000, 0x000000070ee00000|  0%| F|  |TAMS 0x000000070ed00000, 0x000000070ed00000| Untracked 
| 170|0x000000070ee00000, 0x000000070ee00000, 0x000000070ef00000|  0%| F|  |TAMS 0x000000070ee00000, 0x000000070ee00000| Untracked 
| 171|0x000000070ef00000, 0x000000070ef00000, 0x000000070f000000|  0%| F|  |TAMS 0x000000070ef00000, 0x000000070ef00000| Untracked 
| 172|0x000000070f000000, 0x000000070f000000, 0x000000070f100000|  0%| F|  |TAMS 0x000000070f000000, 0x000000070f000000| Untracked 
| 173|0x000000070f100000, 0x000000070f100000, 0x000000070f200000|  0%| F|  |TAMS 0x000000070f100000, 0x000000070f100000| Untracked 
| 174|0x000000070f200000, 0x000000070f200000, 0x000000070f300000|  0%| F|  |TAMS 0x000000070f200000, 0x000000070f200000| Untracked 
| 175|0x000000070f300000, 0x000000070f300000, 0x000000070f400000|  0%| F|  |TAMS 0x000000070f300000, 0x000000070f300000| Untracked 
| 176|0x000000070f400000, 0x000000070f400000, 0x000000070f500000|  0%| F|  |TAMS 0x000000070f400000, 0x000000070f400000| Untracked 
| 177|0x000000070f500000, 0x000000070f500000, 0x000000070f600000|  0%| F|  |TAMS 0x000000070f500000, 0x000000070f500000| Untracked 
| 178|0x000000070f600000, 0x000000070f600000, 0x000000070f700000|  0%| F|  |TAMS 0x000000070f600000, 0x000000070f600000| Untracked 
| 179|0x000000070f700000, 0x000000070f700000, 0x000000070f800000|  0%| F|  |TAMS 0x000000070f700000, 0x000000070f700000| Untracked 
| 180|0x000000070f800000, 0x000000070f800000, 0x000000070f900000|  0%| F|  |TAMS 0x000000070f800000, 0x000000070f800000| Untracked 
| 181|0x000000070f900000, 0x000000070f900000, 0x000000070fa00000|  0%| F|  |TAMS 0x000000070f900000, 0x000000070f900000| Untracked 
| 182|0x000000070fa00000, 0x000000070fa00000, 0x000000070fb00000|  0%| F|  |TAMS 0x000000070fa00000, 0x000000070fa00000| Untracked 
| 183|0x000000070fb00000, 0x000000070fb00000, 0x000000070fc00000|  0%| F|  |TAMS 0x000000070fb00000, 0x000000070fb00000| Untracked 
| 184|0x000000070fc00000, 0x000000070fc00000, 0x000000070fd00000|  0%| F|  |TAMS 0x000000070fc00000, 0x000000070fc00000| Untracked 
| 185|0x000000070fd00000, 0x000000070fd00000, 0x000000070fe00000|  0%| F|  |TAMS 0x000000070fd00000, 0x000000070fd00000| Untracked 
| 186|0x000000070fe00000, 0x000000070fe00000, 0x000000070ff00000|  0%| F|  |TAMS 0x000000070fe00000, 0x000000070fe00000| Untracked 
| 187|0x000000070ff00000, 0x000000070ff00000, 0x0000000710000000|  0%| F|  |TAMS 0x000000070ff00000, 0x000000070ff00000| Untracked 
| 188|0x0000000710000000, 0x0000000710000000, 0x0000000710100000|  0%| F|  |TAMS 0x0000000710000000, 0x0000000710000000| Untracked 
| 189|0x0000000710100000, 0x0000000710100000, 0x0000000710200000|  0%| F|  |TAMS 0x0000000710100000, 0x0000000710100000| Untracked 
| 190|0x0000000710200000, 0x0000000710200000, 0x0000000710300000|  0%| F|  |TAMS 0x0000000710200000, 0x0000000710200000| Untracked 
| 191|0x0000000710300000, 0x0000000710300000, 0x0000000710400000|  0%| F|  |TAMS 0x0000000710300000, 0x0000000710300000| Untracked 
| 192|0x0000000710400000, 0x0000000710400000, 0x0000000710500000|  0%| F|  |TAMS 0x0000000710400000, 0x0000000710400000| Untracked 
| 193|0x0000000710500000, 0x0000000710500000, 0x0000000710600000|  0%| F|  |TAMS 0x0000000710500000, 0x0000000710500000| Untracked 
| 194|0x0000000710600000, 0x0000000710700000, 0x0000000710700000|100%| E|  |TAMS 0x0000000710600000, 0x0000000710600000| Complete 
| 195|0x0000000710700000, 0x0000000710800000, 0x0000000710800000|100%| E|CS|TAMS 0x0000000710700000, 0x0000000710700000| Complete 
| 196|0x0000000710800000, 0x0000000710900000, 0x0000000710900000|100%| E|CS|TAMS 0x0000000710800000, 0x0000000710800000| Complete 
| 197|0x0000000710900000, 0x0000000710a00000, 0x0000000710a00000|100%| E|CS|TAMS 0x0000000710900000, 0x0000000710900000| Complete 
| 198|0x0000000710a00000, 0x0000000710b00000, 0x0000000710b00000|100%| E|CS|TAMS 0x0000000710a00000, 0x0000000710a00000| Complete 
| 199|0x0000000710b00000, 0x0000000710c00000, 0x0000000710c00000|100%| E|CS|TAMS 0x0000000710b00000, 0x0000000710b00000| Complete 
| 200|0x0000000710c00000, 0x0000000710d00000, 0x0000000710d00000|100%| E|CS|TAMS 0x0000000710c00000, 0x0000000710c00000| Complete 
| 201|0x0000000710d00000, 0x0000000710e00000, 0x0000000710e00000|100%| E|CS|TAMS 0x0000000710d00000, 0x0000000710d00000| Complete 
| 202|0x0000000710e00000, 0x0000000710f00000, 0x0000000710f00000|100%| E|CS|TAMS 0x0000000710e00000, 0x0000000710e00000| Complete 
| 203|0x0000000710f00000, 0x0000000711000000, 0x0000000711000000|100%| E|CS|TAMS 0x0000000710f00000, 0x0000000710f00000| Complete 
| 204|0x0000000711000000, 0x0000000711100000, 0x0000000711100000|100%| E|CS|TAMS 0x0000000711000000, 0x0000000711000000| Complete 
| 205|0x0000000711100000, 0x0000000711200000, 0x0000000711200000|100%| E|CS|TAMS 0x0000000711100000, 0x0000000711100000| Complete 
| 206|0x0000000711200000, 0x0000000711300000, 0x0000000711300000|100%| E|CS|TAMS 0x0000000711200000, 0x0000000711200000| Complete 
| 207|0x0000000711300000, 0x0000000711400000, 0x0000000711400000|100%| E|CS|TAMS 0x0000000711300000, 0x0000000711300000| Complete 
| 208|0x0000000711400000, 0x0000000711500000, 0x0000000711500000|100%| E|CS|TAMS 0x0000000711400000, 0x0000000711400000| Complete 
| 209|0x0000000711500000, 0x0000000711600000, 0x0000000711600000|100%| E|CS|TAMS 0x0000000711500000, 0x0000000711500000| Complete 
| 210|0x0000000711600000, 0x0000000711700000, 0x0000000711700000|100%| E|CS|TAMS 0x0000000711600000, 0x0000000711600000| Complete 
| 211|0x0000000711700000, 0x0000000711800000, 0x0000000711800000|100%| E|CS|TAMS 0x0000000711700000, 0x0000000711700000| Complete 
| 212|0x0000000711800000, 0x0000000711900000, 0x0000000711900000|100%| E|CS|TAMS 0x0000000711800000, 0x0000000711800000| Complete 
| 213|0x0000000711900000, 0x0000000711a00000, 0x0000000711a00000|100%| E|CS|TAMS 0x0000000711900000, 0x0000000711900000| Complete 
| 214|0x0000000711a00000, 0x0000000711b00000, 0x0000000711b00000|100%| E|CS|TAMS 0x0000000711a00000, 0x0000000711a00000| Complete 
| 215|0x0000000711b00000, 0x0000000711c00000, 0x0000000711c00000|100%| E|CS|TAMS 0x0000000711b00000, 0x0000000711b00000| Complete 
| 216|0x0000000711c00000, 0x0000000711d00000, 0x0000000711d00000|100%| E|CS|TAMS 0x0000000711c00000, 0x0000000711c00000| Complete 
| 217|0x0000000711d00000, 0x0000000711e00000, 0x0000000711e00000|100%| E|CS|TAMS 0x0000000711d00000, 0x0000000711d00000| Complete 
| 218|0x0000000711e00000, 0x0000000711f00000, 0x0000000711f00000|100%| E|CS|TAMS 0x0000000711e00000, 0x0000000711e00000| Complete 
| 219|0x0000000711f00000, 0x0000000712000000, 0x0000000712000000|100%| E|CS|TAMS 0x0000000711f00000, 0x0000000711f00000| Complete 
| 220|0x0000000712000000, 0x0000000712100000, 0x0000000712100000|100%| E|CS|TAMS 0x0000000712000000, 0x0000000712000000| Complete 
| 221|0x0000000712100000, 0x0000000712200000, 0x0000000712200000|100%| E|CS|TAMS 0x0000000712100000, 0x0000000712100000| Complete 
| 222|0x0000000712200000, 0x0000000712300000, 0x0000000712300000|100%| E|CS|TAMS 0x0000000712200000, 0x0000000712200000| Complete 
| 223|0x0000000712300000, 0x0000000712400000, 0x0000000712400000|100%| E|CS|TAMS 0x0000000712300000, 0x0000000712300000| Complete 
| 224|0x0000000712400000, 0x0000000712500000, 0x0000000712500000|100%| E|CS|TAMS 0x0000000712400000, 0x0000000712400000| Complete 
| 225|0x0000000712500000, 0x0000000712600000, 0x0000000712600000|100%| S|CS|TAMS 0x0000000712500000, 0x0000000712500000| Complete 
| 226|0x0000000712600000, 0x0000000712700000, 0x0000000712700000|100%| S|CS|TAMS 0x0000000712600000, 0x0000000712600000| Complete 
| 227|0x0000000712700000, 0x0000000712800000, 0x0000000712800000|100%| S|CS|TAMS 0x0000000712700000, 0x0000000712700000| Complete 
| 228|0x0000000712800000, 0x0000000712900000, 0x0000000712900000|100%| E|CS|TAMS 0x0000000712800000, 0x0000000712800000| Complete 
| 229|0x0000000712900000, 0x0000000712a00000, 0x0000000712a00000|100%| E|CS|TAMS 0x0000000712900000, 0x0000000712900000| Complete 
| 230|0x0000000712a00000, 0x0000000712b00000, 0x0000000712b00000|100%| E|CS|TAMS 0x0000000712a00000, 0x0000000712a00000| Complete 
| 231|0x0000000712b00000, 0x0000000712c00000, 0x0000000712c00000|100%| E|CS|TAMS 0x0000000712b00000, 0x0000000712b00000| Complete 
| 232|0x0000000712c00000, 0x0000000712d00000, 0x0000000712d00000|100%| E|CS|TAMS 0x0000000712c00000, 0x0000000712c00000| Complete 
| 233|0x0000000712d00000, 0x0000000712e00000, 0x0000000712e00000|100%| E|CS|TAMS 0x0000000712d00000, 0x0000000712d00000| Complete 
| 234|0x0000000712e00000, 0x0000000712f00000, 0x0000000712f00000|100%| E|CS|TAMS 0x0000000712e00000, 0x0000000712e00000| Complete 
| 235|0x0000000712f00000, 0x0000000713000000, 0x0000000713000000|100%| E|CS|TAMS 0x0000000712f00000, 0x0000000712f00000| Complete 
| 236|0x0000000713000000, 0x0000000713100000, 0x0000000713100000|100%| E|CS|TAMS 0x0000000713000000, 0x0000000713000000| Complete 
| 237|0x0000000713100000, 0x0000000713200000, 0x0000000713200000|100%| E|CS|TAMS 0x0000000713100000, 0x0000000713100000| Complete 
| 238|0x0000000713200000, 0x0000000713300000, 0x0000000713300000|100%| E|CS|TAMS 0x0000000713200000, 0x0000000713200000| Complete 
| 239|0x0000000713300000, 0x0000000713400000, 0x0000000713400000|100%| E|CS|TAMS 0x0000000713300000, 0x0000000713300000| Complete 
| 240|0x0000000713400000, 0x0000000713500000, 0x0000000713500000|100%| E|CS|TAMS 0x0000000713400000, 0x0000000713400000| Complete 
| 241|0x0000000713500000, 0x0000000713600000, 0x0000000713600000|100%| E|CS|TAMS 0x0000000713500000, 0x0000000713500000| Complete 
| 242|0x0000000713600000, 0x0000000713700000, 0x0000000713700000|100%| E|CS|TAMS 0x0000000713600000, 0x0000000713600000| Complete 
| 243|0x0000000713700000, 0x0000000713800000, 0x0000000713800000|100%| E|CS|TAMS 0x0000000713700000, 0x0000000713700000| Complete 
| 244|0x0000000713800000, 0x0000000713900000, 0x0000000713900000|100%| E|CS|TAMS 0x0000000713800000, 0x0000000713800000| Complete 
| 245|0x0000000713900000, 0x0000000713a00000, 0x0000000713a00000|100%| E|CS|TAMS 0x0000000713900000, 0x0000000713900000| Complete 
| 246|0x0000000713a00000, 0x0000000713b00000, 0x0000000713b00000|100%| E|CS|TAMS 0x0000000713a00000, 0x0000000713a00000| Complete 
| 247|0x0000000713b00000, 0x0000000713c00000, 0x0000000713c00000|100%| E|CS|TAMS 0x0000000713b00000, 0x0000000713b00000| Complete 
| 248|0x0000000713c00000, 0x0000000713d00000, 0x0000000713d00000|100%| E|CS|TAMS 0x0000000713c00000, 0x0000000713c00000| Complete 
| 249|0x0000000713d00000, 0x0000000713e00000, 0x0000000713e00000|100%| E|CS|TAMS 0x0000000713d00000, 0x0000000713d00000| Complete 
| 250|0x0000000713e00000, 0x0000000713f00000, 0x0000000713f00000|100%| E|CS|TAMS 0x0000000713e00000, 0x0000000713e00000| Complete 
| 251|0x0000000713f00000, 0x0000000714000000, 0x0000000714000000|100%| E|CS|TAMS 0x0000000713f00000, 0x0000000713f00000| Complete 

Card table byte_map: [0x000001715afa0000,0x000001715b780000] _byte_map_base: 0x000001715777e000

Marking Bits (Prev, Next): (CMBitMap*) 0x0000017142dc6688, (CMBitMap*) 0x0000017142dc66c0
 Prev Bits: [0x000001715bf60000, 0x000001715fe50000)
 Next Bits: [0x000001715fe50000, 0x0000017163d40000)

Polling page: 0x0000017142530000

Metaspace:

Usage:
  Non-class:     12.17 MB capacity,    11.97 MB ( 98%) used,   179.95 KB (  1%) free+waste,    19.81 KB ( <1%) overhead. 
      Class:      1.66 MB capacity,     1.58 MB ( 95%) used,    79.56 KB (  5%) free+waste,     9.81 KB ( <1%) overhead. 
       Both:     13.83 MB capacity,    13.55 MB ( 98%) used,   259.51 KB (  2%) free+waste,    29.63 KB ( <1%) overhead. 

Virtual space:
  Non-class space:       14.00 MB reserved,      12.25 MB ( 88%) committed 
      Class space:        1.00 GB reserved,       1.75 MB ( <1%) committed 
             Both:        1.01 GB reserved,      14.00 MB (  1%) committed 

Chunk freelists:
   Non-Class:  19.00 KB
       Class:  25.00 KB
        Both:  44.00 KB

MaxMetaspaceSize: 17179869184.00 GB
CompressedClassSpaceSize: 1.00 GB
Initial GC threshold: 20.80 MB
Current GC threshold: 20.80 MB
CDS: off

CodeHeap 'non-profiled nmethods': size=120000Kb used=698Kb max_used=698Kb free=119301Kb
 bounds [0x0000017152f60000, 0x00000171531d0000, 0x000001715a490000]
CodeHeap 'profiled nmethods': size=120000Kb used=2995Kb max_used=2995Kb free=117004Kb
 bounds [0x000001714ba30000, 0x000001714bd20000, 0x0000017152f60000]
CodeHeap 'non-nmethods': size=5760Kb used=1145Kb max_used=1173Kb free=4614Kb
 bounds [0x000001714b490000, 0x000001714b700000, 0x000001714ba30000]
 total_blobs=1774 nmethods=1386 adapters=301
 compilation: enabled
              stopped_count=0, restarted_count=0
 full_count=0

Compilation events (20 events):
Event: 1.265 Thread 0x00000171671f3000 1366       3       org.gradle.internal.service.DefaultServiceRegistry::assertMutable (46 bytes)
Event: 1.267 Thread 0x00000171671f3000 nmethod 1366 0x000001714bd14390 code [0x000001714bd14640, 0x000001714bd15298]
Event: 1.267 Thread 0x00000171671f3000 1367       3       java.lang.Class::newReflectionData (66 bytes)
Event: 1.267 Thread 0x00000171671f3000 nmethod 1367 0x000001714bd15710 code [0x000001714bd15940, 0x000001714bd162e8]
Event: 1.274 Thread 0x0000017167f09000 nmethod 1304 0x0000017153002f10 code [0x0000017153003280, 0x0000017153005c78]
Event: 1.274 Thread 0x0000017167f09000 1335       4       sun.net.www.ParseUtil::firstEncodeIndex (86 bytes)
Event: 1.276 Thread 0x0000017167f09000 nmethod 1335 0x0000017153007110 code [0x00000171530072c0, 0x00000171530074a8]
Event: 1.276 Thread 0x0000017167f09000 1349       4       java.lang.String::startsWith (7 bytes)
Event: 1.279 Thread 0x0000017167f09000 nmethod 1349 0x0000017153007690 code [0x0000017153007820, 0x0000017153007a18]
Event: 1.279 Thread 0x0000017167f09000 1368       4       java.lang.String::replace (42 bytes)
Event: 1.284 Thread 0x00000171671f3000 1370       1       sun.reflect.generics.visitor.Reifier::getFactory (5 bytes)
Event: 1.285 Thread 0x00000171671f3000 nmethod 1370 0x0000017153007b90 code [0x0000017153007d40, 0x0000017153007df8]
Event: 1.285 Thread 0x00000171671f3000 1371       1       sun.reflect.generics.tree.SimpleClassTypeSignature::getTypeArguments (5 bytes)
Event: 1.285 Thread 0x00000171671f3000 nmethod 1371 0x0000017153007e90 code [0x0000017153008040, 0x00000171530080f8]
Event: 1.287 Thread 0x00000171671f3000 1372       3       java.lang.invoke.VarForm::getMemberName (21 bytes)
Event: 1.287 Thread 0x00000171671f3000 nmethod 1372 0x000001714bd16590 code [0x000001714bd16760, 0x000001714bd169a8]
Event: 1.289 Thread 0x0000017167f09000 nmethod 1368 0x0000017153008190 code [0x0000017153008340, 0x0000017153008938]
Event: 1.289 Thread 0x0000017167f09000 1369       4       sun.reflect.generics.parser.SignatureParser::current (59 bytes)
Event: 1.290 Thread 0x0000017167f09000 nmethod 1369 0x0000017153008c90 code [0x0000017153008e40, 0x0000017153008f48]
Event: 1.290 Thread 0x0000017167f09000 1373       4       java.lang.ClassLoader::checkName (37 bytes)

GC Heap History (2 events):
Event: 0.649 GC heap before
{Heap before GC invocations=0 (full 0):
 garbage-first heap   total 258048K, used 29696K [0x0000000704400000, 0x0000000800000000)
  region size 1024K, 24 young (24576K), 0 survivors (0K)
 Metaspace       used 10096K, capacity 10285K, committed 10368K, reserved 1058816K
  class space    used 1054K, capacity 1132K, committed 1152K, reserved 1048576K
}
Event: 0.654 GC heap after
{Heap after GC invocations=1 (full 0):
 garbage-first heap   total 258048K, used 8995K [0x0000000704400000, 0x0000000800000000)
  region size 1024K, 3 young (3072K), 3 survivors (3072K)
 Metaspace       used 10096K, capacity 10285K, committed 10368K, reserved 1058816K
  class space    used 1054K, capacity 1132K, committed 1152K, reserved 1048576K
}

Deoptimization events (20 events):
Event: 1.149 Thread 0x0000017142d61000 DEOPT PACKING pc=0x000001714baf6164 sp=0x00000003b0df7050
Event: 1.149 Thread 0x0000017142d61000 DEOPT UNPACKING pc=0x000001714b4d9d0e sp=0x00000003b0df65f0 mode 0
Event: 1.163 Thread 0x0000017142d61000 Uncommon trap: trap_request=0xffffff4d fr.pc=0x0000017152fabbfc relative=0x0000000000000bbc
Event: 1.163 Thread 0x0000017142d61000 Uncommon trap: reason=unstable_if action=reinterpret pc=0x0000017152fabbfc method=java.util.jar.JarFile.checkForSpecialAttributes()V @ 53 c2
Event: 1.163 Thread 0x0000017142d61000 DEOPT PACKING pc=0x0000017152fabbfc sp=0x00000003b0df7890
Event: 1.163 Thread 0x0000017142d61000 DEOPT UNPACKING pc=0x000001714b4985af sp=0x00000003b0df7830 mode 2
Event: 1.163 Thread 0x0000017142d61000 Uncommon trap: trap_request=0xffffff4d fr.pc=0x0000017152fbf458 relative=0x0000000000003318
Event: 1.163 Thread 0x0000017142d61000 Uncommon trap: reason=unstable_if action=reinterpret pc=0x0000017152fbf458 method=jdk.internal.loader.URLClassPath.getLoader(I)Ljdk/internal/loader/URLClassPath$Loader; @ 95 c2
Event: 1.163 Thread 0x0000017142d61000 DEOPT PACKING pc=0x0000017152fbf458 sp=0x00000003b0dfb000
Event: 1.163 Thread 0x0000017142d61000 DEOPT UNPACKING pc=0x000001714b4985af sp=0x00000003b0dfb020 mode 2
Event: 1.164 Thread 0x0000017142d61000 Uncommon trap: trap_request=0xffffffb5 fr.pc=0x0000017152fa542c relative=0x00000000000000ec
Event: 1.164 Thread 0x0000017142d61000 Uncommon trap: reason=unloaded action=reinterpret pc=0x0000017152fa542c method=jdk.internal.loader.URLClassPath$JarLoader.ensureOpen()V @ 26 c2
Event: 1.164 Thread 0x0000017142d61000 DEOPT PACKING pc=0x0000017152fa542c sp=0x00000003b0df9460
Event: 1.164 Thread 0x0000017142d61000 DEOPT UNPACKING pc=0x000001714b4985af sp=0x00000003b0df93e8 mode 2
Event: 1.169 Thread 0x0000017142d61000 DEOPT PACKING pc=0x000001714bb1a562 sp=0x00000003b0df7210
Event: 1.169 Thread 0x0000017142d61000 DEOPT UNPACKING pc=0x000001714b4d9d0e sp=0x00000003b0df6800 mode 0
Event: 1.214 Thread 0x0000017142d61000 DEOPT PACKING pc=0x000001714bb38ec0 sp=0x00000003b0dfb0f0
Event: 1.214 Thread 0x0000017142d61000 DEOPT UNPACKING pc=0x000001714b4d9d0e sp=0x00000003b0dfa608 mode 0
Event: 1.254 Thread 0x0000017142d61000 DEOPT PACKING pc=0x000001714bb38ec0 sp=0x00000003b0df3990
Event: 1.254 Thread 0x0000017142d61000 DEOPT UNPACKING pc=0x000001714b4d9d0e sp=0x00000003b0df2ea8 mode 0

Classes redefined (0 events):
No events

Internal exceptions (12 events):
Event: 0.123 Thread 0x0000017142d61000 Exception <a 'java/lang/NoSuchMethodError'{0x0000000713d14430}: 'int java.lang.invoke.DirectMethodHandle$Holder.invokeStaticInit(java.lang.Object, java.lang.Object)'> (0x0000000713d14430) thrown at [./src/hotspot/share/interpreter/linkResolver.cpp, line 773]
Event: 0.159 Thread 0x0000017142d61000 Exception <a 'java/lang/NoSuchMethodError'{0x0000000713dec440}: 'int java.lang.invoke.DirectMethodHandle$Holder.invokeSpecial(java.lang.Object, java.lang.Object, java.lang.Object, java.lang.Object)'> (0x0000000713dec440) thrown at [./src/hotspot/share/interpreter/linkResolver.cpp, line 773]
Event: 0.168 Thread 0x0000017142d61000 Exception <a 'java/lang/NoSuchMethodError'{0x0000000713c24768}: 'int java.lang.invoke.DirectMethodHandle$Holder.invokeSpecialIFC(java.lang.Object, java.lang.Object, int)'> (0x0000000713c24768) thrown at [./src/hotspot/share/interpreter/linkResolver.cpp, line 773]
Event: 0.560 Thread 0x0000017142d61000 Implicit null exception at 0x0000017152f9fff5 to 0x0000017152fa01e0
Event: 0.588 Thread 0x0000017142d61000 Exception <a 'java/lang/NoClassDefFoundError'{0x0000000712a25650}: org/slf4j/impl/StaticMarkerBinder> (0x0000000712a25650) thrown at [./src/hotspot/share/classfile/systemDictionary.cpp, line 219]
Event: 0.605 Thread 0x0000017142d61000 Exception <a 'java/lang/NoSuchMethodError'{0x0000000712913d50}: 'java.lang.Object java.lang.invoke.DirectMethodHandle$Holder.invokeVirtual(java.lang.Object, java.lang.Object, java.lang.Object, java.lang.Object, java.lang.Object, java.lang.Object, java.lang.Object)'> (0x0000000712913d50) thrown at [./src/hotspot/share/interpreter/linkResolver.cpp, line 773]
Event: 0.607 Thread 0x0000017142d61000 Exception <a 'java/lang/NoSuchMethodError'{0x0000000712926eb8}: 'java.lang.Object java.lang.invoke.Invokers$Holder.invoker(java.lang.Object, java.lang.Object, java.lang.Object)'> (0x0000000712926eb8) thrown at [./src/hotspot/share/interpreter/linkResolver.cpp, line 773]
Event: 0.610 Thread 0x0000017142d61000 Exception <a 'java/lang/NoSuchMethodError'{0x0000000712937b38}: 'void java.lang.invoke.DelegatingMethodHandle$Holder.delegate(java.lang.Object, java.lang.Object, int, java.lang.Object)'> (0x0000000712937b38) thrown at [./src/hotspot/share/interpreter/linkResolver.cpp, line 773]
Event: 0.728 Thread 0x0000017142d61000 Exception <a 'java/lang/NoSuchMethodError'{0x0000000713ba5c98}: 'java.lang.Object java.lang.invoke.DirectMethodHandle$Holder.invokeInterface(java.lang.Object, java.lang.Object, java.lang.Object)'> (0x0000000713ba5c98) thrown at [./src/hotspot/share/interpreter/linkResolver.cpp, line 773]
Event: 0.766 Thread 0x0000017142d61000 Exception <a 'java/lang/NoSuchMethodError'{0x00000007139ff690}: 'java.lang.Object java.lang.invoke.DirectMethodHandle$Holder.invokeStaticInit(java.lang.Object, java.lang.Object, java.lang.Object)'> (0x00000007139ff690) thrown at [./src/hotspot/share/interpreter/linkResolver.cpp, line 773]
Event: 1.164 Thread 0x0000017142d61000 Exception <a 'java/security/PrivilegedActionException'{0x0000000711760790}> (0x0000000711760790) thrown at [./src/hotspot/share/prims/jvm.cpp, line 1306]
Event: 1.164 Thread 0x0000017142d61000 Exception <a 'java/security/PrivilegedActionException'{0x0000000711760d08}> (0x0000000711760d08) thrown at [./src/hotspot/share/prims/jvm.cpp, line 1306]

Events (20 events):
Event: 1.286 loading class org/gradle/cache/internal/CacheSupport
Event: 1.286 loading class org/gradle/cache/internal/CacheSupport done
Event: 1.286 loading class org/gradle/internal/concurrent/Synchronizer
Event: 1.286 loading class org/gradle/internal/concurrent/Synchronizer done
Event: 1.287 loading class org/gradle/util/internal/GFileUtils
Event: 1.287 loading class org/gradle/util/internal/GFileUtils done
Event: 1.288 loading class java/io/FileReader
Event: 1.288 loading class java/io/FileReader done
Event: 1.288 loading class org/gradle/util/internal/GFileUtils$TailReadingException
Event: 1.288 loading class org/gradle/util/internal/GFileUtils$TailReadingException done
Event: 1.288 loading class net/rubygrapefruit/platform/internal/WrapperProcess
Event: 1.288 loading class net/rubygrapefruit/platform/internal/WrapperProcess done
Event: 1.289 loading class net/rubygrapefruit/platform/internal/DefaultProcess
Event: 1.289 loading class net/rubygrapefruit/platform/internal/DefaultProcess done
Event: 1.290 loading class org/gradle/internal/nativeintegration/processenvironment/NativePlatformBackedProcessEnvironment
Event: 1.290 loading class org/gradle/internal/nativeintegration/processenvironment/NativePlatformBackedProcessEnvironment done
Event: 1.290 loading class org/gradle/internal/nativeintegration/processenvironment/AbstractProcessEnvironment
Event: 1.290 loading class org/gradle/internal/nativeintegration/processenvironment/AbstractProcessEnvironment done
Event: 1.291 loading class org/gradle/internal/nativeintegration/ReflectiveEnvironment
Event: 1.291 loading class org/gradle/internal/nativeintegration/ReflectiveEnvironment done


Dynamic libraries:
0x00007ff77cd80000 - 0x00007ff77cd8d000 	C:\Program Files\Unity\Hub\Editor\2022.3.37f1\Editor\Data\PlaybackEngines\AndroidPlayer\OpenJDK\bin\java.exe
0x00007ffc1a930000 - 0x00007ffc1ab47000 	C:\WINDOWS\SYSTEM32\ntdll.dll
0x00007ffc19350000 - 0x00007ffc19414000 	C:\WINDOWS\System32\KERNEL32.DLL
0x00007ffc17d50000 - 0x00007ffc18109000 	C:\WINDOWS\System32\KERNELBASE.dll
0x00007ffc18530000 - 0x00007ffc18641000 	C:\WINDOWS\System32\ucrtbase.dll
0x00007ffc13ee0000 - 0x00007ffc13ef7000 	C:\Program Files\Unity\Hub\Editor\2022.3.37f1\Editor\Data\PlaybackEngines\AndroidPlayer\OpenJDK\bin\jli.dll
0x00007ffbe0560000 - 0x00007ffbe0575000 	C:\Program Files\Unity\Hub\Editor\2022.3.37f1\Editor\Data\PlaybackEngines\AndroidPlayer\OpenJDK\bin\VCRUNTIME140.dll
0x00007ffc19cb0000 - 0x00007ffc19e5e000 	C:\WINDOWS\System32\USER32.dll
0x00007ffc183b0000 - 0x00007ffc183d6000 	C:\WINDOWS\System32\win32u.dll
0x00007ffc06320000 - 0x00007ffc065b2000 	C:\WINDOWS\WinSxS\amd64_microsoft.windows.common-controls_6595b64144ccf1df_6.0.22621.4391_none_2715d37f73803e96\COMCTL32.dll
0x00007ffc19320000 - 0x00007ffc19349000 	C:\WINDOWS\System32\GDI32.dll
0x00007ffc18870000 - 0x00007ffc18917000 	C:\WINDOWS\System32\msvcrt.dll
0x00007ffc183e0000 - 0x00007ffc184fb000 	C:\WINDOWS\System32\gdi32full.dll
0x00007ffc17cb0000 - 0x00007ffc17d4a000 	C:\WINDOWS\System32\msvcp_win.dll
0x00007ffc19420000 - 0x00007ffc19451000 	C:\WINDOWS\System32\IMM32.DLL
0x00007ffbe04c0000 - 0x00007ffbe055b000 	C:\Program Files\Unity\Hub\Editor\2022.3.37f1\Editor\Data\PlaybackEngines\AndroidPlayer\OpenJDK\bin\msvcp140.dll
0x00007ffb670c0000 - 0x00007ffb67c41000 	C:\Program Files\Unity\Hub\Editor\2022.3.37f1\Editor\Data\PlaybackEngines\AndroidPlayer\OpenJDK\bin\server\jvm.dll
0x00007ffc191a0000 - 0x00007ffc19252000 	C:\WINDOWS\System32\ADVAPI32.dll
0x00007ffc19260000 - 0x00007ffc19307000 	C:\WINDOWS\System32\sechost.dll
0x00007ffc18500000 - 0x00007ffc18528000 	C:\WINDOWS\System32\bcrypt.dll
0x00007ffc18750000 - 0x00007ffc18864000 	C:\WINDOWS\System32\RPCRT4.dll
0x00007ffc1a820000 - 0x00007ffc1a828000 	C:\WINDOWS\System32\PSAPI.DLL
0x00007ffc06d60000 - 0x00007ffc06d69000 	C:\WINDOWS\SYSTEM32\WSOCK32.dll
0x00007ffc12ff0000 - 0x00007ffc13024000 	C:\WINDOWS\SYSTEM32\WINMM.dll
0x00007ffc1a780000 - 0x00007ffc1a7f1000 	C:\WINDOWS\System32\WS2_32.dll
0x00007ffc11140000 - 0x00007ffc1114a000 	C:\WINDOWS\SYSTEM32\VERSION.dll
0x00007ffc16c30000 - 0x00007ffc16c48000 	C:\WINDOWS\SYSTEM32\kernel.appcore.dll
0x00007ffbe04b0000 - 0x00007ffbe04c0000 	C:\Program Files\Unity\Hub\Editor\2022.3.37f1\Editor\Data\PlaybackEngines\AndroidPlayer\OpenJDK\bin\verify.dll
0x00007ffc15680000 - 0x00007ffc158b2000 	C:\WINDOWS\SYSTEM32\DBGHELP.DLL
0x00007ffc19910000 - 0x00007ffc19c9f000 	C:\WINDOWS\System32\combase.dll
0x00007ffc19610000 - 0x00007ffc196e7000 	C:\WINDOWS\System32\OLEAUT32.dll
0x00007ffbdd500000 - 0x00007ffbdd532000 	C:\WINDOWS\SYSTEM32\dbgcore.DLL
0x00007ffc17c30000 - 0x00007ffc17cab000 	C:\WINDOWS\System32\bcryptPrimitives.dll
0x00007ffbe0480000 - 0x00007ffbe04a8000 	C:\Program Files\Unity\Hub\Editor\2022.3.37f1\Editor\Data\PlaybackEngines\AndroidPlayer\OpenJDK\bin\java.dll
0x00007ffbe0470000 - 0x00007ffbe047a000 	C:\Program Files\Unity\Hub\Editor\2022.3.37f1\Editor\Data\PlaybackEngines\AndroidPlayer\OpenJDK\bin\jimage.dll
0x00007ffbcb710000 - 0x00007ffbcb728000 	C:\Program Files\Unity\Hub\Editor\2022.3.37f1\Editor\Data\PlaybackEngines\AndroidPlayer\OpenJDK\bin\zip.dll
0x00007ffc18920000 - 0x00007ffc19196000 	C:\WINDOWS\System32\SHELL32.dll
0x00007ffc15b20000 - 0x00007ffc16423000 	C:\WINDOWS\SYSTEM32\windows.storage.dll
0x00007ffc159e0000 - 0x00007ffc15b1f000 	C:\WINDOWS\SYSTEM32\wintypes.dll
0x00007ffc1a680000 - 0x00007ffc1a779000 	C:\WINDOWS\System32\SHCORE.dll
0x00007ffc1a890000 - 0x00007ffc1a8ee000 	C:\WINDOWS\System32\shlwapi.dll
0x00007ffc17b60000 - 0x00007ffc17b8b000 	C:\WINDOWS\SYSTEM32\profapi.dll
0x00007ffbcb6f0000 - 0x00007ffbcb709000 	C:\Program Files\Unity\Hub\Editor\2022.3.37f1\Editor\Data\PlaybackEngines\AndroidPlayer\OpenJDK\bin\net.dll
0x00007ffc145d0000 - 0x00007ffc14706000 	C:\WINDOWS\SYSTEM32\WINHTTP.dll
0x00007ffc170a0000 - 0x00007ffc17109000 	C:\WINDOWS\system32\mswsock.dll
0x00007ffbcb6d0000 - 0x00007ffbcb6e3000 	C:\Program Files\Unity\Hub\Editor\2022.3.37f1\Editor\Data\PlaybackEngines\AndroidPlayer\OpenJDK\bin\nio.dll
0x00007ffbcb6a0000 - 0x00007ffbcb6c7000 	C:\Users\Admins\.gradle\native\e1d6ef7f7dcc3fd88c89a11ec53ec762bb8ba0a96d01ffa2cd45eb1d1d8dd5c5\windows-amd64\native-platform.dll
0x00007ffbcb690000 - 0x00007ffbcb699000 	C:\Program Files\Unity\Hub\Editor\2022.3.37f1\Editor\Data\PlaybackEngines\AndroidPlayer\OpenJDK\bin\management.dll
0x00007ffbcb680000 - 0x00007ffbcb68b000 	C:\Program Files\Unity\Hub\Editor\2022.3.37f1\Editor\Data\PlaybackEngines\AndroidPlayer\OpenJDK\bin\management_ext.dll

dbghelp: loaded successfully - version: 4.0.5 - missing functions: none
symbol engine: initialized successfully - sym options: 0x614 - pdb path: .;C:\Program Files\Unity\Hub\Editor\2022.3.37f1\Editor\Data\PlaybackEngines\AndroidPlayer\OpenJDK\bin;C:\WINDOWS\SYSTEM32;C:\WINDOWS\WinSxS\amd64_microsoft.windows.common-controls_6595b64144ccf1df_6.0.22621.4391_none_2715d37f73803e96;C:\Program Files\Unity\Hub\Editor\2022.3.37f1\Editor\Data\PlaybackEngines\AndroidPlayer\OpenJDK\bin\server;C:\Users\Admins\.gradle\native\e1d6ef7f7dcc3fd88c89a11ec53ec762bb8ba0a96d01ffa2cd45eb1d1d8dd5c5\windows-amd64

VM Arguments:
jvm_args: -Dfile.encoding=UTF-8 
java_command: org.gradle.launcher.GradleMain -Dorg.gradle.jvmargs=-Xmx4096m --stop
java_class_path (initial): C:\Program Files\Unity\Hub\Editor\2022.3.37f1\Editor\Data\PlaybackEngines\AndroidPlayer\Tools\gradle\lib\gradle-launcher-7.2.jar
Launcher Type: SUN_STANDARD

[Global flags]
     intx CICompilerCount                          = 4                                         {product} {ergonomic}
     uint ConcGCThreads                            = 2                                         {product} {ergonomic}
     uint G1ConcRefinementThreads                  = 8                                         {product} {ergonomic}
   size_t G1HeapRegionSize                         = 1048576                                   {product} {ergonomic}
    uintx GCDrainStackTargetSize                   = 64                                        {product} {ergonomic}
   size_t InitialHeapSize                          = 264241152                                 {product} {ergonomic}
   size_t MarkStackSize                            = 4194304                                   {product} {ergonomic}
   size_t MaxHeapSize                              = 4223664128                                {product} {ergonomic}
   size_t MaxNewSize                               = 2533359616                                {product} {ergonomic}
   size_t MinHeapDeltaBytes                        = 1048576                                   {product} {ergonomic}
    uintx NonNMethodCodeHeapSize                   = 5836300                                {pd product} {ergonomic}
    uintx NonProfiledCodeHeapSize                  = 122910970                              {pd product} {ergonomic}
    uintx ProfiledCodeHeapSize                     = 122910970                              {pd product} {ergonomic}
    uintx ReservedCodeCacheSize                    = 251658240                              {pd product} {ergonomic}
     bool SegmentedCodeCache                       = true                                      {product} {ergonomic}
     bool UseCompressedClassPointers               = true                                 {lp64_product} {ergonomic}
     bool UseCompressedOops                        = true                                 {lp64_product} {ergonomic}
     bool UseG1GC                                  = true                                      {product} {ergonomic}
     bool UseLargePagesIndividualAllocation        = false                                  {pd product} {ergonomic}

Logging:
Log output configuration:
 #0: stdout all=warning uptime,level,tags
 #1: stderr all=off uptime,level,tags

Environment Variables:
JAVA_HOME=C:\Program Files\Unity\Hub\Editor\2022.3.37f1\Editor\Data\PlaybackEngines\AndroidPlayer\OpenJDK
JAVA_TOOL_OPTIONS=-Dfile.encoding=UTF-8
PATH=C:\ActiveTcl\bin;C:\Program Files (x86)\Common Files\Oracle\Java\javapath;C:\WINDOWS\system32;C:\WINDOWS;C:\WINDOWS\System32\Wbem;C:\WINDOWS\System32\WindowsPowerShell\v1.0\;C:\WINDOWS\System32\OpenSSH\;C:\Program Files\dotnet\;C:\Program Files\nodejs\;C:\Program Files\Git\cmd;C:\Users\Admins\AppData\Local\Programs\Python\Python312\Scripts\;C:\Users\Admins\AppData\Local\Programs\Python\Python312\;C:\Users\Admins\AppData\Local\Microsoft\WindowsApps;C:\Users\Admins\AppData\Roaming\npm;C:\Users\Admins\OneDrive\Hi`nh a?nh\My tnh\ffmpeg\bin;C:\Users\Admins\AppData\Local\GitHubDesktop\bin;C:\Users\Admins\Desktop\Microsoft VS Code\bin;C:\Users\Admins\.dotnet\tools;C:\Users\Admins\AppData\Local\Muse Hub\lib
USERNAME=Admins
OS=Windows_NT
PROCESSOR_IDENTIFIER=Intel64 Family 6 Model 140 Stepping 1, GenuineIntel



---------------  S Y S T E M  ---------------

OS: Windows 11 , 64 bit Build 22621 (10.0.22621.4391)
OS uptime: 0 days 5:25 hours
Hyper-V role detected

CPU:total 8 (initial active 8) (4 cores per cpu, 2 threads per core) family 6 model 140 stepping 1 microcode 0xb8, cmov, cx8, fxsr, mmx, sse, sse2, sse3, ssse3, sse4.1, sse4.2, popcnt, avx, avx2, aes, clmul, erms, 3dnowpref, lzcnt, ht, tsc, tscinvbit, bmi1, bmi2, adx, evex, sha, fma

Memory: 4k page, system-wide physical 16110M (2223M free)
TotalPageFile size 16110M (AvailPageFile size 4M)
current process WorkingSet (physical memory assigned to process): 151M, peak: 151M
current process commit charge ("private bytes"): 380M, peak: 380M

vm_info: OpenJDK 64-Bit Server VM (11.0.14.1+1) for windows-amd64 JRE (11.0.14.1+1), built on Feb  9 2022 01:48:27 by "" with unknown MS VC++:1916

END.
