#
# There is insufficient memory for the Java Runtime Environment to continue.
# Native memory allocation (mmap) failed to map 264241152 bytes for Failed to commit area from 0x0000000704400000 to 0x0000000714000000 of length 264241152.
# Possible reasons:
#   The system is out of physical RAM or swap space
#   The process is running with CompressedOops enabled, and the Java Heap may be blocking the growth of the native heap
# Possible solutions:
#   Reduce memory load on the system
#   Increase physical memory or swap space
#   Check if swap backing store is full
#   Decrease Java heap size (-Xmx/-Xms)
#   Decrease number of Java threads
#   Decrease Java thread stack sizes (-Xss)
#   Set larger code cache with -XX:ReservedCodeCacheSize=
# This output file may be truncated or incomplete.
#
#  Out of Memory Error (./src/hotspot/os/windows/os_windows.cpp:3387), pid=23352, tid=22504
#
# JRE version:  (11.0.14.1+1) (build )
# Java VM: OpenJDK 64-Bit Server VM (11.0.14.1+1, mixed mode, sharing, tiered, compressed oops, g1 gc, windows-amd64)
# No core dump will be written. Minidumps are not enabled by default on client versions of Windows
#

---------------  S U M M A R Y ------------

Command Line: -Dfile.encoding=UTF-8 

Host: 11th Gen Intel(R) Core(TM) i7-1185G7 @ 3.00GHz, 8 cores, 15G,  Windows 11 , 64 bit Build 22621 (10.0.22621.4391)
Time: Wed Oct 30 15:46:46 2024 SE Asia Standard Time elapsed time: 0.009321 seconds (0d 0h 0m 0s)

---------------  T H R E A D  ---------------

Current thread (0x000001cf50ff0000):  JavaThread "Unknown thread" [_thread_in_vm, id=22504, stack(0x000000244cf00000,0x000000244d000000)]

Stack: [0x000000244cf00000,0x000000244d000000]
Native frames: (J=compiled Java code, j=interpreted, Vv=VM code, C=native code)
V  [jvm.dll+0x61e59a]
V  [jvm.dll+0x7aaca9]
V  [jvm.dll+0x7ac398]
V  [jvm.dll+0x7aca73]
V  [jvm.dll+0x24f9b8]
V  [jvm.dll+0x61b83a]
V  [jvm.dll+0x6100c5]
V  [jvm.dll+0x30772c]
V  [jvm.dll+0x3075b2]
V  [jvm.dll+0x30c2d6]
V  [jvm.dll+0x35272f]
V  [jvm.dll+0x352160]
V  [jvm.dll+0x2e4728]
V  [jvm.dll+0x2e5886]
V  [jvm.dll+0x784b07]
V  [jvm.dll+0x78628f]
V  [jvm.dll+0x35f479]
V  [jvm.dll+0x767aa0]
V  [jvm.dll+0x3ccf1f]
V  [jvm.dll+0x3cf2b1]
C  [jli.dll+0x5207]
C  [ucrtbase.dll+0x29333]
C  [KERNEL32.DLL+0x1259d]
C  [ntdll.dll+0x5af38]


---------------  P R O C E S S  ---------------

Threads class SMR info:
_java_thread_list=0x000001cf4ef37cd0, length=0, elements={
}

Java Threads: ( => current thread )

Other Threads:
  0x000001cf51009000 GCTaskThread "GC Thread#0" [stack: 0x000000244d000000,0x000000244d100000] [id=14472]
  0x000001cf51064800 ConcurrentGCThread "G1 Main Marker" [stack: 0x000000244d100000,0x000000244d200000] [id=12072]
  0x000001cf51068800 ConcurrentGCThread "G1 Conc#0" [stack: 0x000000244d200000,0x000000244d300000] [id=9548]

[error occurred during error reporting (printing all threads), id 0xc0000005, EXCEPTION_ACCESS_VIOLATION (0xc0000005) at pc=0x00007ffc6d293ef7]

VM state:not at safepoint (not fully initialized)

VM Mutex/Monitor currently owned by a thread:  ([mutex/lock_event])
[0x000001cf50fec1d0] Heap_lock - owner thread: 0x000001cf50ff0000

Heap address: 0x0000000704400000, size: 4028 MB, Compressed Oops mode: Non-zero based: 0x0000000704400000
Narrow klass base: 0x0000000000000000, Narrow klass shift: 0

GC Heap History (0 events):
No events

Deoptimization events (0 events):
No events

Classes redefined (0 events):
No events

Internal exceptions (0 events):
No events

Events (1 events):
Event: 0.006 Loaded shared library C:\Program Files\Unity\Hub\Editor\2022.3.37f1\Editor\Data\PlaybackEngines\AndroidPlayer\OpenJDK\bin\zip.dll


Dynamic libraries:
0x00007ff62f550000 - 0x00007ff62f55d000 	C:\Program Files\Unity\Hub\Editor\2022.3.37f1\Editor\Data\PlaybackEngines\AndroidPlayer\OpenJDK\bin\java.exe
0x00007ffcc4a50000 - 0x00007ffcc4c67000 	C:\WINDOWS\SYSTEM32\ntdll.dll
0x00007ffcc4240000 - 0x00007ffcc4304000 	C:\WINDOWS\System32\KERNEL32.DLL
0x00007ffcc2250000 - 0x00007ffcc2609000 	C:\WINDOWS\System32\KERNELBASE.dll
0x00007ffcc1d50000 - 0x00007ffcc1e61000 	C:\WINDOWS\System32\ucrtbase.dll
0x00007ffcb04d0000 - 0x00007ffcb04e7000 	C:\Program Files\Unity\Hub\Editor\2022.3.37f1\Editor\Data\PlaybackEngines\AndroidPlayer\OpenJDK\bin\jli.dll
0x00007ffcb8c90000 - 0x00007ffcb8ca5000 	C:\Program Files\Unity\Hub\Editor\2022.3.37f1\Editor\Data\PlaybackEngines\AndroidPlayer\OpenJDK\bin\VCRUNTIME140.dll
0x00007ffcc4090000 - 0x00007ffcc423e000 	C:\WINDOWS\System32\USER32.dll
0x00007ffcc2100000 - 0x00007ffcc2126000 	C:\WINDOWS\System32\win32u.dll
0x00007ffcaa620000 - 0x00007ffcaa8b2000 	C:\WINDOWS\WinSxS\amd64_microsoft.windows.common-controls_6595b64144ccf1df_6.0.22621.4391_none_2715d37f73803e96\COMCTL32.dll
0x00007ffcc2da0000 - 0x00007ffcc2dc9000 	C:\WINDOWS\System32\GDI32.dll
0x00007ffcc4750000 - 0x00007ffcc47f7000 	C:\WINDOWS\System32\msvcrt.dll
0x00007ffcc2130000 - 0x00007ffcc224b000 	C:\WINDOWS\System32\gdi32full.dll
0x00007ffcc2610000 - 0x00007ffcc26aa000 	C:\WINDOWS\System32\msvcp_win.dll
0x00007ffcc4310000 - 0x00007ffcc4341000 	C:\WINDOWS\System32\IMM32.DLL
0x00007ffc8a490000 - 0x00007ffc8a52b000 	C:\Program Files\Unity\Hub\Editor\2022.3.37f1\Editor\Data\PlaybackEngines\AndroidPlayer\OpenJDK\bin\msvcp140.dll
0x00007ffc6cfa0000 - 0x00007ffc6db21000 	C:\Program Files\Unity\Hub\Editor\2022.3.37f1\Editor\Data\PlaybackEngines\AndroidPlayer\OpenJDK\bin\server\jvm.dll
0x00007ffcc4800000 - 0x00007ffcc48b2000 	C:\WINDOWS\System32\ADVAPI32.dll
0x00007ffcc4620000 - 0x00007ffcc46c7000 	C:\WINDOWS\System32\sechost.dll
0x00007ffcc1e70000 - 0x00007ffcc1e98000 	C:\WINDOWS\System32\bcrypt.dll
0x00007ffcc48c0000 - 0x00007ffcc49d4000 	C:\WINDOWS\System32\RPCRT4.dll
0x00007ffcc4a00000 - 0x00007ffcc4a08000 	C:\WINDOWS\System32\PSAPI.DLL
0x00007ffcb6ba0000 - 0x00007ffcb6bd4000 	C:\WINDOWS\SYSTEM32\WINMM.dll
0x00007ffcb4ac0000 - 0x00007ffcb4ac9000 	C:\WINDOWS\SYSTEM32\WSOCK32.dll
0x00007ffcb6930000 - 0x00007ffcb693a000 	C:\WINDOWS\SYSTEM32\VERSION.dll
0x00007ffcc3c80000 - 0x00007ffcc3cf1000 	C:\WINDOWS\System32\WS2_32.dll
0x00007ffcc0d50000 - 0x00007ffcc0d68000 	C:\WINDOWS\SYSTEM32\kernel.appcore.dll
0x00007ffcbe410000 - 0x00007ffcbe420000 	C:\Program Files\Unity\Hub\Editor\2022.3.37f1\Editor\Data\PlaybackEngines\AndroidPlayer\OpenJDK\bin\verify.dll
0x00007ffcbf350000 - 0x00007ffcbf582000 	C:\WINDOWS\SYSTEM32\DBGHELP.DLL
0x00007ffcc3d00000 - 0x00007ffcc408f000 	C:\WINDOWS\System32\combase.dll
0x00007ffcc4350000 - 0x00007ffcc4427000 	C:\WINDOWS\System32\OLEAUT32.dll
0x00007ffc85dd0000 - 0x00007ffc85e02000 	C:\WINDOWS\SYSTEM32\dbgcore.DLL
0x00007ffcc1f10000 - 0x00007ffcc1f8b000 	C:\WINDOWS\System32\bcryptPrimitives.dll
0x00007ffcb0020000 - 0x00007ffcb0048000 	C:\Program Files\Unity\Hub\Editor\2022.3.37f1\Editor\Data\PlaybackEngines\AndroidPlayer\OpenJDK\bin\java.dll
0x00007ffcbe3b0000 - 0x00007ffcbe3ba000 	C:\Program Files\Unity\Hub\Editor\2022.3.37f1\Editor\Data\PlaybackEngines\AndroidPlayer\OpenJDK\bin\jimage.dll
0x00007ffcb0240000 - 0x00007ffcb0258000 	C:\Program Files\Unity\Hub\Editor\2022.3.37f1\Editor\Data\PlaybackEngines\AndroidPlayer\OpenJDK\bin\zip.dll

dbghelp: loaded successfully - version: 4.0.5 - missing functions: none
symbol engine: initialized successfully - sym options: 0x614 - pdb path: .;C:\Program Files\Unity\Hub\Editor\2022.3.37f1\Editor\Data\PlaybackEngines\AndroidPlayer\OpenJDK\bin;C:\WINDOWS\SYSTEM32;C:\WINDOWS\WinSxS\amd64_microsoft.windows.common-controls_6595b64144ccf1df_6.0.22621.4391_none_2715d37f73803e96;C:\Program Files\Unity\Hub\Editor\2022.3.37f1\Editor\Data\PlaybackEngines\AndroidPlayer\OpenJDK\bin\server

VM Arguments:
jvm_args: -Dfile.encoding=UTF-8 
java_command: <unknown>
java_class_path (initial): <not set>
Launcher Type: SUN_STANDARD

[Global flags]
     intx CICompilerCount                          = 4                                         {product} {ergonomic}
     uint ConcGCThreads                            = 2                                         {product} {ergonomic}
     uint G1ConcRefinementThreads                  = 8                                         {product} {ergonomic}
   size_t G1HeapRegionSize                         = 1048576                                   {product} {ergonomic}
    uintx GCDrainStackTargetSize                   = 64                                        {product} {ergonomic}
   size_t InitialHeapSize                          = 264241152                                 {product} {ergonomic}
   size_t MarkStackSize                            = 4194304                                   {product} {ergonomic}
   size_t MaxHeapSize                              = 4223664128                                {product} {ergonomic}
   size_t MinHeapDeltaBytes                        = 1048576                                   {product} {ergonomic}
    uintx NonNMethodCodeHeapSize                   = 5836300                                {pd product} {ergonomic}
    uintx NonProfiledCodeHeapSize                  = 122910970                              {pd product} {ergonomic}
    uintx ProfiledCodeHeapSize                     = 122910970                              {pd product} {ergonomic}
    uintx ReservedCodeCacheSize                    = 251658240                              {pd product} {ergonomic}
     bool SegmentedCodeCache                       = true                                      {product} {ergonomic}
     bool UseCompressedClassPointers               = true                                 {lp64_product} {ergonomic}
     bool UseCompressedOops                        = true                                 {lp64_product} {ergonomic}
     bool UseG1GC                                  = true                                      {product} {ergonomic}
     bool UseLargePagesIndividualAllocation        = false                                  {pd product} {ergonomic}

Logging:
Log output configuration:
 #0: stdout all=warning uptime,level,tags
 #1: stderr all=off uptime,level,tags

Environment Variables:
JAVA_HOME=C:\Program Files\Unity\Hub\Editor\2022.3.37f1\Editor\Data\PlaybackEngines\AndroidPlayer\OpenJDK
JAVA_TOOL_OPTIONS=-Dfile.encoding=UTF-8
PATH=C:\ActiveTcl\bin;C:\Program Files (x86)\Common Files\Oracle\Java\javapath;C:\WINDOWS\system32;C:\WINDOWS;C:\WINDOWS\System32\Wbem;C:\WINDOWS\System32\WindowsPowerShell\v1.0\;C:\WINDOWS\System32\OpenSSH\;C:\Program Files\dotnet\;C:\Program Files\nodejs\;C:\Program Files\Git\cmd;C:\Users\Admins\AppData\Local\Programs\Python\Python312\Scripts\;C:\Users\Admins\AppData\Local\Programs\Python\Python312\;C:\Users\Admins\AppData\Local\Microsoft\WindowsApps;C:\Users\Admins\AppData\Roaming\npm;C:\Users\Admins\OneDrive\Hi`nh a?nh\Máy tính\ffmpeg\bin;C:\Users\Admins\AppData\Local\GitHubDesktop\bin;C:\Users\Admins\Desktop\Microsoft VS Code\bin;C:\Users\Admins\.dotnet\tools;C:\Users\Admins\AppData\Local\Muse Hub\lib
USERNAME=Admins
OS=Windows_NT
PROCESSOR_IDENTIFIER=Intel64 Family 6 Model 140 Stepping 1, GenuineIntel



---------------  S Y S T E M  ---------------

OS: Windows 11 , 64 bit Build 22621 (10.0.22621.4391)
OS uptime: 0 days 2:11 hours
Hyper-V role detected

CPU:total 8 (initial active 8) (4 cores per cpu, 2 threads per core) family 6 model 140 stepping 1 microcode 0xb8, cmov, cx8, fxsr, mmx, sse, sse2, sse3, ssse3, sse4.1, sse4.2, popcnt, avx, avx2, aes, clmul, erms, 3dnowpref, lzcnt, ht, tsc, tscinvbit, bmi1, bmi2, adx, evex, sha, fma

Memory: 4k page, system-wide physical 16110M (4788M free)
TotalPageFile size 16110M (AvailPageFile size 5M)
current process WorkingSet (physical memory assigned to process): 11M, peak: 11M
current process commit charge ("private bytes"): 60M, peak: 312M

vm_info: OpenJDK 64-Bit Server VM (11.0.14.1+1) for windows-amd64 JRE (11.0.14.1+1), built on Feb  9 2022 01:48:27 by "" with unknown MS VC++:1916

END.
