#
# There is insufficient memory for the Java Runtime Environment to continue.
# Native memory allocation (mmap) failed to map 264241152 bytes for Failed to commit area from 0x0000000704400000 to 0x0000000714000000 of length 264241152.
# Possible reasons:
#   The system is out of physical RAM or swap space
#   The process is running with CompressedOops enabled, and the Java Heap may be blocking the growth of the native heap
# Possible solutions:
#   Reduce memory load on the system
#   Increase physical memory or swap space
#   Check if swap backing store is full
#   Decrease Java heap size (-Xmx/-Xms)
#   Decrease number of Java threads
#   Decrease Java thread stack sizes (-Xss)
#   Set larger code cache with -XX:ReservedCodeCacheSize=
# This output file may be truncated or incomplete.
#
#  Out of Memory Error (./src/hotspot/os/windows/os_windows.cpp:3387), pid=20112, tid=16936
#
# JRE version:  (11.0.14.1+1) (build )
# Java VM: OpenJDK 64-Bit Server VM (11.0.14.1+1, mixed mode, sharing, tiered, compressed oops, g1 gc, windows-amd64)
# No core dump will be written. Minidumps are not enabled by default on client versions of Windows
#

---------------  S U M M A R Y ------------

Command Line: -Dfile.encoding=UTF-8 

Host: 11th Gen Intel(R) Core(TM) i7-1185G7 @ 3.00GHz, 8 cores, 15G,  Windows 11 , 64 bit Build 22621 (10.0.22621.4391)
Time: Thu Nov  7 12:01:49 2024 SE Asia Standard Time elapsed time: 0.008172 seconds (0d 0h 0m 0s)

---------------  T H R E A D  ---------------

Current thread (0x00000175ba4ce800):  JavaThread "Unknown thread" [_thread_in_vm, id=16936, stack(0x0000001263100000,0x0000001263200000)]

Stack: [0x0000001263100000,0x0000001263200000]
Native frames: (J=compiled Java code, j=interpreted, Vv=VM code, C=native code)
V  [jvm.dll+0x61e59a]
V  [jvm.dll+0x7aaca9]
V  [jvm.dll+0x7ac398]
V  [jvm.dll+0x7aca73]
V  [jvm.dll+0x24f9b8]
V  [jvm.dll+0x61b83a]
V  [jvm.dll+0x6100c5]
V  [jvm.dll+0x30772c]
V  [jvm.dll+0x3075b2]
V  [jvm.dll+0x30c2d6]
V  [jvm.dll+0x35272f]
V  [jvm.dll+0x352160]
V  [jvm.dll+0x2e4728]
V  [jvm.dll+0x2e5886]
V  [jvm.dll+0x784b07]
V  [jvm.dll+0x78628f]
V  [jvm.dll+0x35f479]
V  [jvm.dll+0x767aa0]
V  [jvm.dll+0x3ccf1f]
V  [jvm.dll+0x3cf2b1]
C  [jli.dll+0x5207]
C  [ucrtbase.dll+0x29333]
C  [KERNEL32.DLL+0x1259d]
C  [ntdll.dll+0x5af38]


---------------  P R O C E S S  ---------------

Threads class SMR info:
_java_thread_list=0x00000175b8237190, length=0, elements={
}

Java Threads: ( => current thread )

Other Threads:
  0x00000175ba4e8000 GCTaskThread "GC Thread#0" [stack: 0x0000001263200000,0x0000001263300000] [id=23288]
  0x00000175ba543800 ConcurrentGCThread "G1 Main Marker" [stack: 0x0000001263300000,0x0000001263400000] [id=13012]
  0x00000175ba547000 ConcurrentGCThread "G1 Conc#0" [stack: 0x0000001263400000,0x0000001263500000] [id=14872]

[error occurred during error reporting (printing all threads), id 0xc0000005, EXCEPTION_ACCESS_VIOLATION (0xc0000005) at pc=0x00007ffa2fdd3ef7]

VM state:not at safepoint (not fully initialized)

VM Mutex/Monitor currently owned by a thread:  ([mutex/lock_event])
[0x00000175ba4cb7d0] Heap_lock - owner thread: 0x00000175ba4ce800

Heap address: 0x0000000704400000, size: 4028 MB, Compressed Oops mode: Non-zero based: 0x0000000704400000
Narrow klass base: 0x0000000000000000, Narrow klass shift: 0

GC Heap History (0 events):
No events

Deoptimization events (0 events):
No events

Classes redefined (0 events):
No events

Internal exceptions (0 events):
No events

Events (1 events):
Event: 0.005 Loaded shared library C:\Program Files\Unity\Hub\Editor\2022.3.37f1\Editor\Data\PlaybackEngines\AndroidPlayer\OpenJDK\bin\zip.dll


Dynamic libraries:
0x00007ff742c80000 - 0x00007ff742c8d000 	C:\Program Files\Unity\Hub\Editor\2022.3.37f1\Editor\Data\PlaybackEngines\AndroidPlayer\OpenJDK\bin\java.exe
0x00007ffb05150000 - 0x00007ffb05367000 	C:\WINDOWS\SYSTEM32\ntdll.dll
0x00007ffb04610000 - 0x00007ffb046d4000 	C:\WINDOWS\System32\KERNEL32.DLL
0x00007ffb02660000 - 0x00007ffb02a19000 	C:\WINDOWS\System32\KERNELBASE.dll
0x00007ffb02b90000 - 0x00007ffb02ca1000 	C:\WINDOWS\System32\ucrtbase.dll
0x00007ffac9f90000 - 0x00007ffac9fa7000 	C:\Program Files\Unity\Hub\Editor\2022.3.37f1\Editor\Data\PlaybackEngines\AndroidPlayer\OpenJDK\bin\jli.dll
0x00007ffa77170000 - 0x00007ffa77185000 	C:\Program Files\Unity\Hub\Editor\2022.3.37f1\Editor\Data\PlaybackEngines\AndroidPlayer\OpenJDK\bin\VCRUNTIME140.dll
0x00007ffb043b0000 - 0x00007ffb0455e000 	C:\WINDOWS\System32\USER32.dll
0x00007ffaf1410000 - 0x00007ffaf16a2000 	C:\WINDOWS\WinSxS\amd64_microsoft.windows.common-controls_6595b64144ccf1df_6.0.22621.4391_none_2715d37f73803e96\COMCTL32.dll
0x00007ffb02630000 - 0x00007ffb02656000 	C:\WINDOWS\System32\win32u.dll
0x00007ffb04a00000 - 0x00007ffb04aa7000 	C:\WINDOWS\System32\msvcrt.dll
0x00007ffb046e0000 - 0x00007ffb04709000 	C:\WINDOWS\System32\GDI32.dll
0x00007ffb02d50000 - 0x00007ffb02e6b000 	C:\WINDOWS\System32\gdi32full.dll
0x00007ffb02450000 - 0x00007ffb024ea000 	C:\WINDOWS\System32\msvcp_win.dll
0x00007ffb04830000 - 0x00007ffb04861000 	C:\WINDOWS\System32\IMM32.DLL
0x00007ffa30670000 - 0x00007ffa3070b000 	C:\Program Files\Unity\Hub\Editor\2022.3.37f1\Editor\Data\PlaybackEngines\AndroidPlayer\OpenJDK\bin\msvcp140.dll
0x00007ffa2fae0000 - 0x00007ffa30661000 	C:\Program Files\Unity\Hub\Editor\2022.3.37f1\Editor\Data\PlaybackEngines\AndroidPlayer\OpenJDK\bin\server\jvm.dll
0x00007ffb03c30000 - 0x00007ffb03ce2000 	C:\WINDOWS\System32\ADVAPI32.dll
0x00007ffb04780000 - 0x00007ffb04827000 	C:\WINDOWS\System32\sechost.dll
0x00007ffb02d20000 - 0x00007ffb02d48000 	C:\WINDOWS\System32\bcrypt.dll
0x00007ffb04880000 - 0x00007ffb04994000 	C:\WINDOWS\System32\RPCRT4.dll
0x00007ffb04870000 - 0x00007ffb04878000 	C:\WINDOWS\System32\PSAPI.DLL
0x00007ffaf6d30000 - 0x00007ffaf6d64000 	C:\WINDOWS\SYSTEM32\WINMM.dll
0x00007ffaf84d0000 - 0x00007ffaf84d9000 	C:\WINDOWS\SYSTEM32\WSOCK32.dll
0x00007ffaf0820000 - 0x00007ffaf082a000 	C:\WINDOWS\SYSTEM32\VERSION.dll
0x00007ffb04180000 - 0x00007ffb041f1000 	C:\WINDOWS\System32\WS2_32.dll
0x00007ffb01450000 - 0x00007ffb01468000 	C:\WINDOWS\SYSTEM32\kernel.appcore.dll
0x00007ffaca190000 - 0x00007ffaca1a0000 	C:\Program Files\Unity\Hub\Editor\2022.3.37f1\Editor\Data\PlaybackEngines\AndroidPlayer\OpenJDK\bin\verify.dll
0x00007ffaffce0000 - 0x00007ffafff12000 	C:\WINDOWS\SYSTEM32\DBGHELP.DLL
0x00007ffb038a0000 - 0x00007ffb03c2f000 	C:\WINDOWS\System32\combase.dll
0x00007ffb04f30000 - 0x00007ffb05007000 	C:\WINDOWS\System32\OLEAUT32.dll
0x00007ffac3780000 - 0x00007ffac37b2000 	C:\WINDOWS\SYSTEM32\dbgcore.DLL
0x00007ffb024f0000 - 0x00007ffb0256b000 	C:\WINDOWS\System32\bcryptPrimitives.dll
0x00007ffa77140000 - 0x00007ffa77168000 	C:\Program Files\Unity\Hub\Editor\2022.3.37f1\Editor\Data\PlaybackEngines\AndroidPlayer\OpenJDK\bin\java.dll
0x00007ffa77130000 - 0x00007ffa7713a000 	C:\Program Files\Unity\Hub\Editor\2022.3.37f1\Editor\Data\PlaybackEngines\AndroidPlayer\OpenJDK\bin\jimage.dll
0x00007ffa571b0000 - 0x00007ffa571c8000 	C:\Program Files\Unity\Hub\Editor\2022.3.37f1\Editor\Data\PlaybackEngines\AndroidPlayer\OpenJDK\bin\zip.dll

dbghelp: loaded successfully - version: 4.0.5 - missing functions: none
symbol engine: initialized successfully - sym options: 0x614 - pdb path: .;C:\Program Files\Unity\Hub\Editor\2022.3.37f1\Editor\Data\PlaybackEngines\AndroidPlayer\OpenJDK\bin;C:\WINDOWS\SYSTEM32;C:\WINDOWS\WinSxS\amd64_microsoft.windows.common-controls_6595b64144ccf1df_6.0.22621.4391_none_2715d37f73803e96;C:\Program Files\Unity\Hub\Editor\2022.3.37f1\Editor\Data\PlaybackEngines\AndroidPlayer\OpenJDK\bin\server

VM Arguments:
jvm_args: -Dfile.encoding=UTF-8 
java_command: <unknown>
java_class_path (initial): <not set>
Launcher Type: SUN_STANDARD

[Global flags]
     intx CICompilerCount                          = 4                                         {product} {ergonomic}
     uint ConcGCThreads                            = 2                                         {product} {ergonomic}
     uint G1ConcRefinementThreads                  = 8                                         {product} {ergonomic}
   size_t G1HeapRegionSize                         = 1048576                                   {product} {ergonomic}
    uintx GCDrainStackTargetSize                   = 64                                        {product} {ergonomic}
   size_t InitialHeapSize                          = 264241152                                 {product} {ergonomic}
   size_t MarkStackSize                            = 4194304                                   {product} {ergonomic}
   size_t MaxHeapSize                              = 4223664128                                {product} {ergonomic}
   size_t MinHeapDeltaBytes                        = 1048576                                   {product} {ergonomic}
    uintx NonNMethodCodeHeapSize                   = 5836300                                {pd product} {ergonomic}
    uintx NonProfiledCodeHeapSize                  = 122910970                              {pd product} {ergonomic}
    uintx ProfiledCodeHeapSize                     = 122910970                              {pd product} {ergonomic}
    uintx ReservedCodeCacheSize                    = 251658240                              {pd product} {ergonomic}
     bool SegmentedCodeCache                       = true                                      {product} {ergonomic}
     bool UseCompressedClassPointers               = true                                 {lp64_product} {ergonomic}
     bool UseCompressedOops                        = true                                 {lp64_product} {ergonomic}
     bool UseG1GC                                  = true                                      {product} {ergonomic}
     bool UseLargePagesIndividualAllocation        = false                                  {pd product} {ergonomic}

Logging:
Log output configuration:
 #0: stdout all=warning uptime,level,tags
 #1: stderr all=off uptime,level,tags

Environment Variables:
JAVA_TOOL_OPTIONS=-Dfile.encoding=UTF-8
PATH=C:\ActiveTcl\bin;C:\Program Files (x86)\Common Files\Oracle\Java\javapath;C:\WINDOWS\system32;C:\WINDOWS;C:\WINDOWS\System32\Wbem;C:\WINDOWS\System32\WindowsPowerShell\v1.0\;C:\WINDOWS\System32\OpenSSH\;C:\Program Files\dotnet\;C:\Program Files\nodejs\;C:\Program Files\Git\cmd;C:\Users\Admins\AppData\Local\Programs\Python\Python312\Scripts\;C:\Users\Admins\AppData\Local\Programs\Python\Python312\;C:\Users\Admins\AppData\Local\Microsoft\WindowsApps;C:\Users\Admins\AppData\Roaming\npm;C:\Users\Admins\OneDrive\Hi`nh a?nh\Máy tính\ffmpeg\bin;C:\Users\Admins\AppData\Local\GitHubDesktop\bin;C:\Users\Admins\Desktop\Microsoft VS Code\bin;C:\Users\Admins\.dotnet\tools;C:\Users\Admins\AppData\Local\Muse Hub\lib
USERNAME=Admins
OS=Windows_NT
PROCESSOR_IDENTIFIER=Intel64 Family 6 Model 140 Stepping 1, GenuineIntel



---------------  S Y S T E M  ---------------

OS: Windows 11 , 64 bit Build 22621 (10.0.22621.4391)
OS uptime: 0 days 1:45 hours
Hyper-V role detected

CPU:total 8 (initial active 8) (4 cores per cpu, 2 threads per core) family 6 model 140 stepping 1 microcode 0xb8, cmov, cx8, fxsr, mmx, sse, sse2, sse3, ssse3, sse4.1, sse4.2, popcnt, avx, avx2, aes, clmul, erms, 3dnowpref, lzcnt, ht, tsc, tscinvbit, bmi1, bmi2, adx, evex, sha, fma

Memory: 4k page, system-wide physical 16110M (2399M free)
TotalPageFile size 16110M (AvailPageFile size 14M)
current process WorkingSet (physical memory assigned to process): 11M, peak: 11M
current process commit charge ("private bytes"): 61M, peak: 313M

vm_info: OpenJDK 64-Bit Server VM (11.0.14.1+1) for windows-amd64 JRE (11.0.14.1+1), built on Feb  9 2022 01:48:27 by "" with unknown MS VC++:1916

END.
